#
# A fatal error has been detected by the Java Runtime Environment:
#
#  EXCEPTION_ACCESS_VIOLATION (0xc0000005) at pc=0x00007ffd7379c66d, pid=19380, tid=21244
#
# JRE version: Java(TM) SE Runtime Environment (17.0.6+9) (build 17.0.6+9-LTS-190)
# Java VM: Java HotSpot(TM) 64-Bit Server VM (17.0.6+9-LTS-190, mixed mode, sharing, tiered, compressed oops, compressed class ptrs, g1 gc, windows-amd64)
# Problematic frame:
# C  [lwjgl_opengl.dll+0xc66d]
#
# No core dump will be written. Minidumps are not enabled by default on client versions of Windows
#
# If you would like to submit a bug report, please visit:
#   https://bugreport.java.com/bugreport/crash.jsp
# The crash happened outside the Java Virtual Machine in native code.
# See problematic frame for where to report the bug.
#

---------------  S U M M A R Y ------------

Command Line: -ea -Dfile.encoding=windows-1252 -XX:+ShowCodeDetailsInExceptionMessages cs.csss.engine.Launch -d

Host: AMD Ryzen 7 5800H with Radeon Graphics         , 16 cores, 5G,  Windows 11 , 64 bit Build 22621 (10.0.22621.2070)
Time: Thu Sep  7 16:26:34 2023 Central Daylight Time elapsed time: 30.304135 seconds (0d 0h 0m 30s)

---------------  T H R E A D  ---------------

Current thread (0x000001cc313d0ba0):  JavaThread "main" [_thread_in_native, id=21244, stack(0x00000008a1a00000,0x00000008a1b00000)]

Stack: [0x00000008a1a00000,0x00000008a1b00000],  sp=0x00000008a1aff2e8,  free space=1020k
Native frames: (J=compiled Java code, j=interpreted, Vv=VM code, C=native code)
C  [lwjgl_opengl.dll+0xc66d]

Java frames: (J=compiled Java code, j=interpreted, Vv=VM code)
j  org.lwjgl.opengl.GL11C.nglDeleteTextures(IJ)V+0
j  org.lwjgl.opengl.GL11C.glDeleteTextures(I)V+20
j  cs.core.graphics.CSTexture.shutDown()V+27
j  cs.csss.editor.SelectionAreaRender.shutDown()V+28
j  cs.csss.engine.Engine.shutDown()V+78
j  cs.csss.engine.Launch.main([Ljava/lang/String;)V+17
v  ~StubRoutines::call_stub

siginfo: EXCEPTION_ACCESS_VIOLATION (0xc0000005), reading address 0x00000000000002e0


Register to memory mapping:

RIP=0x00007ffd7379c66d lwjgl_opengl.dll
RAX=0x000001cc4fe0bd60 points into unknown readable memory: 0x0000000000000000 | 00 00 00 00 00 00 00 00
RBX={method} {0x000001cc4f63fd90} 'nglDeleteTextures' '(IJ)V' in 'org/lwjgl/opengl/GL11C'
RCX=0x0000000000000001 is an unknown value
RDX=0x000001cc4fe0b93c points into unknown readable memory: 0b 00 00 00
RSP=0x00000008a1aff2e8 is pointing into the stack for thread: 0x000001cc313d0ba0
RBP=0x00000008a1aff370 is pointing into the stack for thread: 0x000001cc313d0ba0
RSI=0x000001cc4fe0b93c points into unknown readable memory: 0b 00 00 00
RDI=0x000000000000000b is an unknown value
R8 =0x0000000000000001 is an unknown value
R9 =0x000001cc4fe0b93c points into unknown readable memory: 0b 00 00 00
R10=0x0 is NULL
R11=0x00000000a24a2cb0 is an oop: java.lang.Class 
{0x00000000a24a2cb0} - klass: 'java/lang/Class'
 - ---- fields (total size 116 words):
 - private volatile transient 'classRedefinedCount' 'I' @12  0
 - private volatile transient 'cachedConstructor' 'Ljava/lang/reflect/Constructor;' @40  NULL (0)
 - private transient 'name' 'Ljava/lang/String;' @44  "org.lwjgl.opengl.GL11C"{0x00000000a24a47a0} (a24a47a0)
 - private transient 'module' 'Ljava/lang/Module;' @48  a 'java/lang/Module'{0x00000000a24027b0} (a24027b0)
 - private final 'classLoader' 'Ljava/lang/ClassLoader;' @52  a 'jdk/internal/loader/ClassLoaders$AppClassLoader'{0x00000000a2400408} (a2400408)
 - private transient 'classData' 'Ljava/lang/Object;' @56  NULL (0)
 - private transient 'packageName' 'Ljava/lang/String;' @60  "org.lwjgl.opengl"{0x00000000a24a47e0} (a24a47e0)
 - private final 'componentType' 'Ljava/lang/Class;' @64  NULL (0)
 - private volatile transient 'reflectionData' 'Ljava/lang/ref/SoftReference;' @68  NULL (0)
 - private volatile transient 'genericInfo' 'Lsun/reflect/generics/repository/ClassRepository;' @72  NULL (0)
 - private volatile transient 'enumConstants' '[Ljava/lang/Object;' @76  NULL (0)
 - private volatile transient 'enumConstantDirectory' 'Ljava/util/Map;' @80  NULL (0)
 - private volatile transient 'annotationData' 'Ljava/lang/Class$AnnotationData;' @84  NULL (0)
 - private volatile transient 'annotationType' 'Lsun/reflect/annotation/AnnotationType;' @88  NULL (0)
 - transient 'classValueMap' 'Ljava/lang/ClassValue$ClassValueMap;' @92  NULL (0)
 - signature: Lorg/lwjgl/opengl/GL11C;
 - fake entry for mirror: 'org/lwjgl/opengl/GL11C'
 - fake entry for array: NULL
 - fake entry for oop_size: 116
 - fake entry for static_oop_field_count: 0
 - public static final 'GL_NEVER' 'I' @112  512 (200)
 - public static final 'GL_LESS' 'I' @116  513 (201)
 - public static final 'GL_EQUAL' 'I' @120  514 (202)
 - public static final 'GL_LEQUAL' 'I' @124  515 (203)
 - public static final 'GL_GREATER' 'I' @128  516 (204)
 - public static final 'GL_NOTEQUAL' 'I' @132  517 (205)
 - public static final 'GL_GEQUAL' 'I' @136  518 (206)
 - public static final 'GL_ALWAYS' 'I' @140  519 (207)
 - public static final 'GL_DEPTH_BUFFER_BIT' 'I' @144  256 (100)
 - public static final 'GL_STENCIL_BUFFER_BIT' 'I' @148  1024 (400)
 - public static final 'GL_COLOR_BUFFER_BIT' 'I' @152  16384 (4000)
 - public static final 'GL_POINTS' 'I' @156  0
 - public static final 'GL_LINES' 'I' @160  1
 - public static final 'GL_LINE_LOOP' 'I' @164  2
 - public static final 'GL_LINE_STRIP' 'I' @168  3
 - public static final 'GL_TRIANGLES' 'I' @172  4
 - public static final 'GL_TRIANGLE_STRIP' 'I' @176  5
 - public static final 'GL_TRIANGLE_FAN' 'I' @180  6
 - public static final 'GL_QUADS' 'I' @184  7
 - public static final 'GL_ZERO' 'I' @188  0
 - public static final 'GL_ONE' 'I' @192  1
 - public static final 'GL_SRC_COLOR' 'I' @196  768 (300)
 - public static final 'GL_ONE_MINUS_SRC_COLOR' 'I' @200  769 (301)
 - public static final 'GL_SRC_ALPHA' 'I' @204  770 (302)
 - public static final 'GL_ONE_MINUS_SRC_ALPHA' 'I' @208  771 (303)
 - public static final 'GL_DST_ALPHA' 'I' @212  772 (304)
 - public static final 'GL_ONE_MINUS_DST_ALPHA' 'I' @216  773 (305)
 - public static final 'GL_DST_COLOR' 'I' @220  774 (306)
 - public static final 'GL_ONE_MINUS_DST_COLOR' 'I' @224  775 (307)
 - public static final 'GL_SRC_ALPHA_SATURATE' 'I' @228  776 (308)
 - public static final 'GL_TRUE' 'I' @232  1
 - public static final 'GL_FALSE' 'I' @236  0
 - public static final 'GL_BYTE' 'I' @240  5120 (1400)
 - public static final 'GL_UNSIGNED_BYTE' 'I' @244  5121 (1401)
 - public static final 'GL_SHORT' 'I' @248  5122 (1402)
 - public static final 'GL_UNSIGNED_SHORT' 'I' @252  5123 (1403)
 - public static final 'GL_INT' 'I' @256  5124 (1404)
 - public static final 'GL_UNSIGNED_INT' 'I' @260  5125 (1405)
 - public static final 'GL_FLOAT' 'I' @264  5126 (1406)
 - public static final 'GL_DOUBLE' 'I' @268  5130 (140a)
 - public static final 'GL_NONE' 'I' @272  0
 - public static final 'GL_FRONT_LEFT' 'I' @276  1024 (400)
 - public static final 'GL_FRONT_RIGHT' 'I' @280  1025 (401)
 - public static final 'GL_BACK_LEFT' 'I' @284  1026 (402)
 - public static final 'GL_BACK_RIGHT' 'I' @288  1027 (403)
 - public static final 'GL_FRONT' 'I' @292  1028 (404)
 - public static final 'GL_BACK' 'I' @296  1029 (405)
 - public static final 'GL_LEFT' 'I' @300  1030 (406)
 - public static final 'GL_RIGHT' 'I' @304  1031 (407)
 - public static final 'GL_FRONT_AND_BACK' 'I' @308  1032 (408)
 - public static final 'GL_NO_ERROR' 'I' @312  0
 - public static final 'GL_INVALID_ENUM' 'I' @316  1280 (500)
 - public static final 'GL_INVALID_VALUE' 'I' @320  1281 (501)
 - public static final 'GL_INVALID_OPERATION' 'I' @324  1282 (502)
 - public static final 'GL_STACK_OVERFLOW' 'I' @328  1283 (503)
 - public static final 'GL_STACK_UNDERFLOW' 'I' @332  1284 (504)
 - public static final 'GL_OUT_OF_MEMORY' 'I' @336  1285 (505)
 - public static final 'GL_CW' 'I' @340  2304 (900)
 - public static final 'GL_CCW' 'I' @344  2305 (901)
 - public static final 'GL_POINT_SIZE' 'I' @348  2833 (b11)
 - public static final 'GL_POINT_SIZE_RANGE' 'I' @352  2834 (b12)
 - public static final 'GL_POINT_SIZE_GRANULARITY' 'I' @356  2835 (b13)
 - public static final 'GL_LINE_SMOOTH' 'I' @360  2848 (b20)
 - public static final 'GL_LINE_WIDTH' 'I' @364  2849 (b21)
 - public static final 'GL_LINE_WIDTH_RANGE' 'I' @368  2850 (b22)
 - public static final 'GL_LINE_WIDTH_GRANULARITY' 'I' @372  2851 (b23)
 - public static final 'GL_POLYGON_MODE' 'I' @376  2880 (b40)
 - public static final 'GL_POLYGON_SMOOTH' 'I' @380  2881 (b41)
 - public static final 'GL_CULL_FACE' 'I' @384  2884 (b44)
 - public static final 'GL_CULL_FACE_MODE' 'I' @388  2885 (b45)
 - public static final 'GL_FRONT_FACE' 'I' @392  2886 (b46)
 - public static final 'GL_DEPTH_RANGE' 'I' @396  2928 (b70)
 - public static final 'GL_DEPTH_TEST' 'I' @400  2929 (b71)
 - public static final 'GL_DEPTH_WRITEMASK' 'I' @404  2930 (b72)
 - public static final 'GL_DEPTH_CLEAR_VALUE' 'I' @408  2931 (b73)
 - public static final 'GL_DEPTH_FUNC' 'I' @412  2932 (b74)
 - public static final 'GL_STENCIL_TEST' 'I' @416  2960 (b90)
 - public static final 'GL_STENCIL_CLEAR_VALUE' 'I' @420  2961 (b91)
 - public static final 'GL_STENCIL_FUNC' 'I' @424  2962 (b92)
 - public static final 'GL_STENCIL_VALUE_MASK' 'I' @428  2963 (b93)
 - public static final 'GL_STENCIL_FAIL' 'I' @432  2964 (b94)
 - public static final 'GL_STENCIL_PASS_DEPTH_FAIL' 'I' @436  2965 (b95)
 - public static final 'GL_STENCIL_PASS_DEPTH_PASS' 'I' @440  2966 (b96)
 - public static final 'GL_STENCIL_REF' 'I' @444  2967 (b97)
 - public static final 'GL_STENCIL_WRITEMASK' 'I' @448  2968 (b98)
 - public static final 'GL_VIEWPORT' 'I' @452  2978 (ba2)
 - public static final 'GL_DITHER' 'I' @456  3024 (bd0)
 - public static final 'GL_BLEND_DST' 'I' @460  3040 (be0)
 - public static final 'GL_BLEND_SRC' 'I' @464  3041 (be1)
 - public static final 'GL_BLEND' 'I' @468  3042 (be2)
 - public static final 'GL_LOGIC_OP_MODE' 'I' @472  3056 (bf0)
 - public static final 'GL_COLOR_LOGIC_OP' 'I' @476  3058 (bf2)
 - public static final 'GL_DRAW_BUFFER' 'I' @480  3073 (c01)
 - public static final 'GL_READ_BUFFER' 'I' @484  3074 (c02)
 - public static final 'GL_SCISSOR_BOX' 'I' @488  3088 (c10)
 - public static final 'GL_SCISSOR_TEST' 'I' @492  3089 (c11)
 - public static final 'GL_COLOR_CLEAR_VALUE' 'I' @496  3106 (c22)
 - public static final 'GL_COLOR_WRITEMASK' 'I' @500  3107 (c23)
 - public static final 'GL_DOUBLEBUFFER' 'I' @504  3122 (c32)
 - public static final 'GL_STEREO' 'I' @508  3123 (c33)
 - public static final 'GL_LINE_SMOOTH_HINT' 'I' @512  3154 (c52)
 - public static final 'GL_POLYGON_SMOOTH_HINT' 'I' @516  3155 (c53)
 - public static final 'GL_UNPACK_SWAP_BYTES' 'I' @520  3312 (cf0)
 - public static final 'GL_UNPACK_LSB_FIRST' 'I' @524  3313 (cf1)
 - public static final 'GL_UNPACK_ROW_LENGTH' 'I' @528  3314 (cf2)
 - public static final 'GL_UNPACK_SKIP_ROWS' 'I' @532  3315 (cf3)
 - public static final 'GL_UNPACK_SKIP_PIXELS' 'I' @536  3316 (cf4)
 - public static final 'GL_UNPACK_ALIGNMENT' 'I' @540  3317 (cf5)
 - public static final 'GL_PACK_SWAP_BYTES' 'I' @544  3328 (d00)
 - public static final 'GL_PACK_LSB_FIRST' 'I' @548  3329 (d01)
 - public static final 'GL_PACK_ROW_LENGTH' 'I' @552  3330 (d02)
 - public static final 'GL_PACK_SKIP_ROWS' 'I' @556  3331 (d03)
 - public static final 'GL_PACK_SKIP_PIXELS' 'I' @560  3332 (d04)
 - public static final 'GL_PACK_ALIGNMENT' 'I' @564  3333 (d05)
 - public static final 'GL_MAX_TEXTURE_SIZE' 'I' @568  3379 (d33)
 - public static final 'GL_MAX_VIEWPORT_DIMS' 'I' @572  3386 (d3a)
 - public static final 'GL_SUBPIXEL_BITS' 'I' @576  3408 (d50)
 - public static final 'GL_TEXTURE_1D' 'I' @580  3552 (de0)
 - public static final 'GL_TEXTURE_2D' 'I' @584  3553 (de1)
 - public static final 'GL_TEXTURE_WIDTH' 'I' @588  4096 (1000)
 - public static final 'GL_TEXTURE_HEIGHT' 'I' @592  4097 (1001)
 - public static final 'GL_TEXTURE_INTERNAL_FORMAT' 'I' @596  4099 (1003)
 - public static final 'GL_TEXTURE_BORDER_COLOR' 'I' @600  4100 (1004)
 - public static final 'GL_DONT_CARE' 'I' @604  4352 (1100)
 - public static final 'GL_FASTEST' 'I' @608  4353 (1101)
 - public static final 'GL_NICEST' 'I' @612  4354 (1102)
 - public static final 'GL_CLEAR' 'I' @616  5376 (1500)
 - public static final 'GL_AND' 'I' @620  5377 (1501)
 - public static final 'GL_AND_REVERSE' 'I' @624  5378 (1502)
 - public static final 'GL_COPY' 'I' @628  5379 (1503)
 - public static final 'GL_AND_INVERTED' 'I' @632  5380 (1504)
 - public static final 'GL_NOOP' 'I' @636  5381 (1505)
 - public static final 'GL_XOR' 'I' @640  5382 (1506)
 - public static final 'GL_OR' 'I' @644  5383 (1507)
 - public static final 'GL_NOR' 'I' @648  5384 (1508)
 - public static final 'GL_EQUIV' 'I' @652  5385 (1509)
 - public static final 'GL_INVERT' 'I' @656  5386 (150a)
 - public static final 'GL_OR_REVERSE' 'I' @660  5387 (150b)
 - public static final 'GL_COPY_INVERTED' 'I' @664  5388 (150c)
 - public static final 'GL_OR_INVERTED' 'I' @668  5389 (150d)
 - public static final 'GL_NAND' 'I' @672  5390 (150e)
 - public static final 'GL_SET' 'I' @676  5391 (150f)
 - public static final 'GL_TEXTURE' 'I' @680  5890 (1702)
 - public static final 'GL_COLOR' 'I' @684  6144 (1800)
 - public static final 'GL_DEPTH' 'I' @688  6145 (1801)
 - public static final 'GL_STENCIL' 'I' @692  6146 (1802)
 - public static final 'GL_STENCIL_INDEX' 'I' @696  6401 (1901)
 - public static final 'GL_DEPTH_COMPONENT' 'I' @700  6402 (1902)
 - public static final 'GL_RED' 'I' @704  6403 (1903)
 - public static final 'GL_GREEN' 'I' @708  6404 (1904)
 - public static final 'GL_BLUE' 'I' @712  6405 (1905)
 - public static final 'GL_ALPHA' 'I' @716  6406 (1906)
 - public static final 'GL_RGB' 'I' @720  6407 (1907)
 - public static final 'GL_RGBA' 'I' @724  6408 (1908)
 - public static final 'GL_POINT' 'I' @728  6912 (1b00)
 - public static final 'GL_LINE' 'I' @732  6913 (1b01)
 - public static final 'GL_FILL' 'I' @736  6914 (1b02)
 - public static final 'GL_KEEP' 'I' @740  7680 (1e00)
 - public static final 'GL_REPLACE' 'I' @744  7681 (1e01)
 - public static final 'GL_INCR' 'I' @748  7682 (1e02)
 - public static final 'GL_DECR' 'I' @752  7683 (1e03)
 - public static final 'GL_VENDOR' 'I' @756  7936 (1f00)
 - public static final 'GL_RENDERER' 'I' @760  7937 (1f01)
 - public static final 'GL_VERSION' 'I' @764  7938 (1f02)
 - public static final 'GL_EXTENSIONS' 'I' @768  7939 (1f03)
 - public static final 'GL_NEAREST' 'I' @772  9728 (2600)
 - public static final 'GL_LINEAR' 'I' @776  9729 (2601)
 - public static final 'GL_NEAREST_MIPMAP_NEAREST' 'I' @780  9984 (2700)
 - public static final 'GL_LINEAR_MIPMAP_NEAREST' 'I' @784  9985 (2701)
 - public static final 'GL_NEAREST_MIPMAP_LINEAR' 'I' @788  9986 (2702)
 - public static final 'GL_LINEAR_MIPMAP_LINEAR' 'I' @792  9987 (2703)
 - public static final 'GL_TEXTURE_MAG_FILTER' 'I' @796  10240 (2800)
 - public static final 'GL_TEXTURE_MIN_FILTER' 'I' @800  10241 (2801)
 - public static final 'GL_TEXTURE_WRAP_S' 'I' @804  10242 (2802)
 - public static final 'GL_TEXTURE_WRAP_T' 'I' @808  10243 (2803)
 - public static final 'GL_REPEAT' 'I' @812  10497 (2901)
 - public static final 'GL_POLYGON_OFFSET_FACTOR' 'I' @816  32824 (8038)
 - public static final 'GL_POLYGON_OFFSET_UNITS' 'I' @820  10752 (2a00)
 - public static final 'GL_POLYGON_OFFSET_POINT' 'I' @824  10753 (2a01)
 - public static final 'GL_POLYGON_OFFSET_LINE' 'I' @828  10754 (2a02)
 - public static final 'GL_POLYGON_OFFSET_FILL' 'I' @832  32823 (8037)
 - public static final 'GL_R3_G3_B2' 'I' @836  10768 (2a10)
 - public static final 'GL_RGB4' 'I' @840  32847 (804f)
 - public static final 'GL_RGB5' 'I' @844  32848 (8050)
 - public static final 'GL_RGB8' 'I' @848  32849 (8051)
 - public static final 'GL_RGB10' 'I' @852  32850 (8052)
 - public static final 'GL_RGB12' 'I' @856  32851 (8053)
 - public static final 'GL_RGB16' 'I' @860  32852 (8054)
 - public static final 'GL_RGBA2' 'I' @864  32853 (8055)
 - public static final 'GL_RGBA4' 'I' @868  32854 (8056)
 - public static final 'GL_RGB5_A1' 'I' @872  32855 (8057)
 - public static final 'GL_RGBA8' 'I' @876  32856 (8058)
 - public static final 'GL_RGB10_A2' 'I' @880  32857 (8059)
 - public static final 'GL_RGBA12' 'I' @884  32858 (805a)
 - public static final 'GL_RGBA16' 'I' @888  32859 (805b)
 - public static final 'GL_TEXTURE_RED_SIZE' 'I' @892  32860 (805c)
 - public static final 'GL_TEXTURE_GREEN_SIZE' 'I' @896  32861 (805d)
 - public static final 'GL_TEXTURE_BLUE_SIZE' 'I' @900  32862 (805e)
 - public static final 'GL_TEXTURE_ALPHA_SIZE' 'I' @904  32863 (805f)
 - public static final 'GL_PROXY_TEXTURE_1D' 'I' @908  32867 (8063)
 - public static final 'GL_PROXY_TEXTURE_2D' 'I' @912  32868 (8064)
 - public static final 'GL_TEXTURE_BINDING_1D' 'I' @916  32872 (8068)
 - public static final 'GL_TEXTURE_BINDING_2D' 'I' @920  32873 (8069)
 - public static final 'GL_VERTEX_ARRAY' 'I' @924  32884 (8074)
R12=0x0 is NULL
R13={method} {0x000001cc4f63fd90} 'nglDeleteTextures' '(IJ)V' in 'org/lwjgl/opengl/GL11C'
R14=0x00000008a1aff3a0 is pointing into the stack for thread: 0x000001cc313d0ba0
R15=0x000001cc313d0ba0 is a thread


Registers:
RAX=0x000001cc4fe0bd60, RBX=0x000001cc4f63fd88, RCX=0x0000000000000001, RDX=0x000001cc4fe0b93c
RSP=0x00000008a1aff2e8, RBP=0x00000008a1aff370, RSI=0x000001cc4fe0b93c, RDI=0x000000000000000b
R8 =0x0000000000000001, R9 =0x000001cc4fe0b93c, R10=0x0000000000000000, R11=0x00000000a24a2cb0
R12=0x0000000000000000, R13=0x000001cc4f63fd88, R14=0x00000008a1aff3a0, R15=0x000001cc313d0ba0
RIP=0x00007ffd7379c66d, EFLAGS=0x0000000000010206

Top of Stack: (sp=0x00000008a1aff2e8)
0x00000008a1aff2e8:   000001cc400ad621 00000008a1aff3f0
0x00000008a1aff2f8:   000001cc38f0404c 0000000000000000
0x00000008a1aff308:   00000008a1aff328 00000008a1aff388
0x00000008a1aff318:   000001cc400a9657 0000000000000000
0x00000008a1aff328:   00000008a1aff328 0000000000000000
0x00000008a1aff338:   00000008a1aff3a0 000001cc4f649a30
0x00000008a1aff348:   0000000000000000 00000000a24a2cb0
0x00000008a1aff358:   000001cc4f63fd88 0000000000000000
0x00000008a1aff368:   00000008a1aff390 00000008a1aff3f0
0x00000008a1aff378:   000001cc400a94fe 00000000a24a2cb0
0x00000008a1aff388:   000001cc400aaf78 000001cc4fe0b93c
0x00000008a1aff398:   0000000000000000 0000000000000001
0x00000008a1aff3a8:   00000008a1aff3a8 000001cc4f63fefc
0x00000008a1aff3b8:   00000008a1aff420 000001cc4f649a30
0x00000008a1aff3c8:   0000000000000000 00000000a24a2cb0
0x00000008a1aff3d8:   000001cc4f63ff70 00000008a1aff390 

Instructions: (pc=0x00007ffd7379c66d)
0x00007ffd7379c56d:   cc cc cc 48 8b 01 0f 28 cb 0f 28 c2 48 8b 48 18
0x00007ffd7379c57d:   48 ff a1 d8 01 00 00 cc cc cc cc cc cc cc cc cc
0x00007ffd7379c58d:   cc cc cc 48 8b 01 45 8b d8 44 8b 44 24 28 41 8b
0x00007ffd7379c59d:   d1 41 8b cb 4c 8b 50 18 49 ff a2 e8 01 00 00 cc
0x00007ffd7379c5ad:   cc cc cc 48 8b 01 41 8b c8 48 8b 50 18 48 ff a2
0x00007ffd7379c5bd:   f0 01 00 00 cc cc cc cc cc cc cc cc cc cc cc cc
0x00007ffd7379c5cd:   cc cc cc 40 53 48 8b 01 41 8b d8 44 8b 44 24 30
0x00007ffd7379c5dd:   41 8b d1 4c 8b 4c 24 38 8b cb 4c 8b 50 18 5b 49
0x00007ffd7379c5ed:   ff a2 f8 01 00 00 cc cc cc cc cc cc cc cc cc cc
0x00007ffd7379c5fd:   cc cc cc 48 8b 01 48 8b 48 18 48 ff a1 98 02 00
0x00007ffd7379c60d:   00 cc cc 48 8b 01 48 8b 48 18 48 ff a1 a0 02 00
0x00007ffd7379c61d:   00 cc cc 48 8b 01 41 8b c8 48 8b 50 18 48 ff a2
0x00007ffd7379c62d:   c8 02 00 00 cc cc cc cc cc cc cc cc cc cc cc cc
0x00007ffd7379c63d:   cc cc cc 48 8b 01 49 8b d1 41 8b c8 4c 8b 50 18
0x00007ffd7379c64d:   49 ff a2 d8 02 00 00 cc cc cc cc cc cc cc cc cc
0x00007ffd7379c65d:   cc cc cc 48 8b 01 49 8b d1 41 8b c8 4c 8b 50 18
0x00007ffd7379c66d:   49 ff a2 e0 02 00 00 cc cc cc cc cc cc cc cc cc
0x00007ffd7379c67d:   cc cc cc 48 8b 01 49 8b d1 41 8b c8 4c 8b 50 18
0x00007ffd7379c68d:   49 ff a2 f0 02 00 00 cc cc cc cc cc cc cc cc cc
0x00007ffd7379c69d:   cc cc cc 48 8b 01 49 8b d1 41 8b c8 4c 8b 50 18
0x00007ffd7379c6ad:   49 ff a2 f8 02 00 00 cc cc cc cc cc cc cc cc cc
0x00007ffd7379c6bd:   cc cc cc 48 8b 01 49 8b d1 41 8b c8 4c 8b 50 18
0x00007ffd7379c6cd:   49 ff a2 00 03 00 00 cc cc cc cc cc cc cc cc cc
0x00007ffd7379c6dd:   cc cc cc 48 8b 01 49 8b d1 41 8b c8 4c 8b 50 18
0x00007ffd7379c6ed:   49 ff a2 08 03 00 00 cc cc cc cc cc cc cc cc cc
0x00007ffd7379c6fd:   cc cc cc 48 8b 01 48 8b 48 18 48 8b 81 10 03 00
0x00007ffd7379c70d:   00 48 ff e0 cc cc cc cc cc cc cc cc cc cc cc cc
0x00007ffd7379c71d:   cc cc cc 48 8b 01 49 8b d1 41 8b c8 4c 8b 50 18
0x00007ffd7379c72d:   49 ff a2 68 03 00 00 cc cc cc cc cc cc cc cc cc
0x00007ffd7379c73d:   cc cc cc 48 8b 01 48 8b 48 18 48 8b 81 78 03 00
0x00007ffd7379c74d:   00 41 8b c8 48 ff e0 cc cc cc cc cc cc cc cc cc
0x00007ffd7379c75d:   cc cc cc 40 53 48 8b 01 41 8b d8 44 8b 44 24 30 


Stack slot to memory mapping:
stack at sp + 0 slots: 0x000001cc400ad621 is at code_begin+993 in an Interpreter codelet
method entry point (kind = native)  [0x000001cc400ad240, 0x000001cc400adbc0]  2432 bytes
stack at sp + 1 slots: 0x00000008a1aff3f0 is pointing into the stack for thread: 0x000001cc313d0ba0
stack at sp + 2 slots: 0x000001cc38f0404c is at entry_point+268 in (nmethod*)0x000001cc38f03d90
stack at sp + 3 slots: 0x0 is NULL
stack at sp + 4 slots: 0x00000008a1aff328 is pointing into the stack for thread: 0x000001cc313d0ba0
stack at sp + 5 slots: 0x00000008a1aff388 is pointing into the stack for thread: 0x000001cc313d0ba0
stack at sp + 6 slots: 0x000001cc400a9657 is at code_begin+1463 in an Interpreter codelet
return entry points  [0x000001cc400a90a0, 0x000001cc400a9ba0]  2816 bytes
stack at sp + 7 slots: 0x0 is NULL


---------------  P R O C E S S  ---------------

Threads class SMR info:
_java_thread_list=0x000001cc4ff1ac30, length=18, elements={
0x000001cc313d0ba0, 0x000001cc4ebf5f30, 0x000001cc4ebf6ae0, 0x000001cc4ec0db60,
0x000001cc4ec10530, 0x000001cc4ec10ee0, 0x000001cc4ec11890, 0x000001cc4ec16740,
0x000001cc4ec20570, 0x000001cc4ec29d40, 0x000001cc4f90e6f0, 0x000001cc4f911cb0,
0x000001cc4faf7e00, 0x000001cc4fa27510, 0x000001cc4fa2a540, 0x000001cc4fb60b40,
0x000001cc4fb5dff0, 0x000001cc4fb5e4c0
}

Java Threads: ( => current thread )
=>0x000001cc313d0ba0 JavaThread "main" [_thread_in_native, id=21244, stack(0x00000008a1a00000,0x00000008a1b00000)]
  0x000001cc4ebf5f30 JavaThread "Reference Handler" daemon [_thread_blocked, id=4760, stack(0x00000008a2100000,0x00000008a2200000)]
  0x000001cc4ebf6ae0 JavaThread "Finalizer" daemon [_thread_blocked, id=416, stack(0x00000008a2200000,0x00000008a2300000)]
  0x000001cc4ec0db60 JavaThread "Signal Dispatcher" daemon [_thread_blocked, id=20020, stack(0x00000008a2300000,0x00000008a2400000)]
  0x000001cc4ec10530 JavaThread "Attach Listener" daemon [_thread_blocked, id=20568, stack(0x00000008a2400000,0x00000008a2500000)]
  0x000001cc4ec10ee0 JavaThread "Service Thread" daemon [_thread_blocked, id=12920, stack(0x00000008a2500000,0x00000008a2600000)]
  0x000001cc4ec11890 JavaThread "Monitor Deflation Thread" daemon [_thread_blocked, id=6028, stack(0x00000008a2600000,0x00000008a2700000)]
  0x000001cc4ec16740 JavaThread "C2 CompilerThread0" daemon [_thread_blocked, id=4276, stack(0x00000008a2700000,0x00000008a2800000)]
  0x000001cc4ec20570 JavaThread "C1 CompilerThread0" daemon [_thread_blocked, id=4248, stack(0x00000008a2800000,0x00000008a2900000)]
  0x000001cc4ec29d40 JavaThread "Sweeper thread" daemon [_thread_blocked, id=21636, stack(0x00000008a2900000,0x00000008a2a00000)]
  0x000001cc4f90e6f0 JavaThread "Notification Thread" daemon [_thread_blocked, id=14840, stack(0x00000008a2c00000,0x00000008a2d00000)]
  0x000001cc4f911cb0 JavaThread "Common-Cleaner" daemon [_thread_blocked, id=7360, stack(0x00000008a2e00000,0x00000008a2f00000)]
  0x000001cc4faf7e00 JavaThread "CS Threads Worker 0" daemon [_thread_blocked, id=7856, stack(0x00000008a2f00000,0x00000008a3000000)]
  0x000001cc4fa27510 JavaThread "CS Threads Worker 1" daemon [_thread_blocked, id=1100, stack(0x00000008a3000000,0x00000008a3100000)]
  0x000001cc4fa2a540 JavaThread "CS Threads Worker 2" daemon [_thread_blocked, id=8752, stack(0x00000008a3100000,0x00000008a3200000)]
  0x000001cc4fb60b40 JavaThread "CS Threads Worker 3" daemon [_thread_blocked, id=21532, stack(0x00000008a3200000,0x00000008a3300000)]
  0x000001cc4fb5dff0 JavaThread "Logging Thread" daemon [_thread_blocked, id=20976, stack(0x00000008a3300000,0x00000008a3400000)]
  0x000001cc4fb5e4c0 JavaThread "JepMainInterpreter" daemon [_thread_blocked, id=11208, stack(0x00000008a4010000,0x00000008a4110000)]

Other Threads:
  0x000001cc4ebee480 VMThread "VM Thread" [stack: 0x00000008a2000000,0x00000008a2100000] [id=22208]
  0x000001cc4f910010 WatcherThread [stack: 0x00000008a2d00000,0x00000008a2e00000] [id=13508]
  0x000001cc3141dd40 GCTaskThread "GC Thread#0" [stack: 0x00000008a1b00000,0x00000008a1c00000] [id=18716]
  0x000001cc600445b0 GCTaskThread "GC Thread#1" [stack: 0x00000008a4210000,0x00000008a4310000] [id=5060]
  0x000001cc5305d400 GCTaskThread "GC Thread#2" [stack: 0x00000008a4310000,0x00000008a4410000] [id=22332]
  0x000001cc53053860 GCTaskThread "GC Thread#3" [stack: 0x00000008a4410000,0x00000008a4510000] [id=21548]
  0x000001cc5ffb8f90 GCTaskThread "GC Thread#4" [stack: 0x00000008a4510000,0x00000008a4610000] [id=18736]
  0x000001cc6004e140 GCTaskThread "GC Thread#5" [stack: 0x00000008a4610000,0x00000008a4710000] [id=17272]
  0x000001cc60059820 GCTaskThread "GC Thread#6" [stack: 0x00000008a4710000,0x00000008a4810000] [id=21216]
  0x000001cc6058cfb0 GCTaskThread "GC Thread#7" [stack: 0x00000008a2a00000,0x00000008a2b00000] [id=12340]
  0x000001cc6058c7a0 GCTaskThread "GC Thread#8" [stack: 0x00000008a2b00000,0x00000008a2c00000] [id=1668]
  0x000001cc6058d260 GCTaskThread "GC Thread#9" [stack: 0x00000008a4810000,0x00000008a4910000] [id=13968]
  0x000001cc3142a800 ConcurrentGCThread "G1 Main Marker" [stack: 0x00000008a1c00000,0x00000008a1d00000] [id=11576]
  0x000001cc3142bb10 ConcurrentGCThread "G1 Conc#0" [stack: 0x00000008a1d00000,0x00000008a1e00000] [id=22116]
  0x000001cc4eab14c0 ConcurrentGCThread "G1 Refine#0" [stack: 0x00000008a1e00000,0x00000008a1f00000] [id=17816]
  0x000001cc4eab3bb0 ConcurrentGCThread "G1 Service" [stack: 0x00000008a1f00000,0x00000008a2000000] [id=7752]

Threads with active compile tasks:

VM state: not at safepoint (normal execution)

VM Mutex/Monitor currently owned by a thread: None

Heap address: 0x00000000a2400000, size: 1500 MB, Compressed Oops mode: 32-bit

CDS archive(s) mapped at: [0x0000000800000000-0x0000000800bd0000-0x0000000800bd0000), size 12386304, SharedBaseAddress: 0x0000000800000000, ArchiveRelocationMode: 0.
Compressed class space mapped at: 0x0000000800c00000-0x0000000840c00000, reserved size: 1073741824
Narrow klass base: 0x0000000800000000, Narrow klass shift: 0, Narrow klass range: 0x100000000

GC Precious Log:
 CPUs: 16 total, 16 available
 Memory: 5996M
 Large Page Support: Disabled
 NUMA Support: Disabled
 Compressed Oops: Enabled (32-bit)
 Heap Region Size: 1M
 Heap Min Capacity: 8M
 Heap Initial Capacity: 94M
 Heap Max Capacity: 1500M
 Pre-touch: Disabled
 Parallel Workers: 13
 Concurrent Workers: 3
 Concurrent Refinement Workers: 13
 Periodic GC: Disabled

Heap:
 garbage-first heap   total 96256K, used 31813K [0x00000000a2400000, 0x0000000100000000)
  region size 1024K, 31 young (31744K), 3 survivors (3072K)
 Metaspace       used 11275K, committed 11584K, reserved 1064960K
  class space    used 752K, committed 896K, reserved 1048576K

Heap Regions: E=young(eden), S=young(survivor), O=old, HS=humongous(starts), HC=humongous(continues), CS=collection set, F=free, OA=open archive, CA=closed archive, TAMS=top-at-mark-start (previous, next)
|   0|0x00000000a2400000, 0x00000000a2500000, 0x00000000a2500000|100%| O|  |TAMS 0x00000000a2400000, 0x00000000a2400000| Untracked 
|   1|0x00000000a2500000, 0x00000000a25e9c00, 0x00000000a2600000| 91%| O|  |TAMS 0x00000000a2500000, 0x00000000a2500000| Untracked 
|   2|0x00000000a2600000, 0x00000000a2600000, 0x00000000a2700000|  0%| F|  |TAMS 0x00000000a2600000, 0x00000000a2600000| Untracked 
|   3|0x00000000a2700000, 0x00000000a2700000, 0x00000000a2800000|  0%| F|  |TAMS 0x00000000a2700000, 0x00000000a2700000| Untracked 
|   4|0x00000000a2800000, 0x00000000a2800000, 0x00000000a2900000|  0%| F|  |TAMS 0x00000000a2800000, 0x00000000a2800000| Untracked 
|   5|0x00000000a2900000, 0x00000000a2900000, 0x00000000a2a00000|  0%| F|  |TAMS 0x00000000a2900000, 0x00000000a2900000| Untracked 
|   6|0x00000000a2a00000, 0x00000000a2a00000, 0x00000000a2b00000|  0%| F|  |TAMS 0x00000000a2a00000, 0x00000000a2a00000| Untracked 
|   7|0x00000000a2b00000, 0x00000000a2b00000, 0x00000000a2c00000|  0%| F|  |TAMS 0x00000000a2b00000, 0x00000000a2b00000| Untracked 
|   8|0x00000000a2c00000, 0x00000000a2c00000, 0x00000000a2d00000|  0%| F|  |TAMS 0x00000000a2c00000, 0x00000000a2c00000| Untracked 
|   9|0x00000000a2d00000, 0x00000000a2d00000, 0x00000000a2e00000|  0%| F|  |TAMS 0x00000000a2d00000, 0x00000000a2d00000| Untracked 
|  10|0x00000000a2e00000, 0x00000000a2e00000, 0x00000000a2f00000|  0%| F|  |TAMS 0x00000000a2e00000, 0x00000000a2e00000| Untracked 
|  11|0x00000000a2f00000, 0x00000000a2f00000, 0x00000000a3000000|  0%| F|  |TAMS 0x00000000a2f00000, 0x00000000a2f00000| Untracked 
|  12|0x00000000a3000000, 0x00000000a3000000, 0x00000000a3100000|  0%| F|  |TAMS 0x00000000a3000000, 0x00000000a3000000| Untracked 
|  13|0x00000000a3100000, 0x00000000a3100000, 0x00000000a3200000|  0%| F|  |TAMS 0x00000000a3100000, 0x00000000a3100000| Untracked 
|  14|0x00000000a3200000, 0x00000000a3200000, 0x00000000a3300000|  0%| F|  |TAMS 0x00000000a3200000, 0x00000000a3200000| Untracked 
|  15|0x00000000a3300000, 0x00000000a3300000, 0x00000000a3400000|  0%| F|  |TAMS 0x00000000a3300000, 0x00000000a3300000| Untracked 
|  16|0x00000000a3400000, 0x00000000a3400000, 0x00000000a3500000|  0%| F|  |TAMS 0x00000000a3400000, 0x00000000a3400000| Untracked 
|  17|0x00000000a3500000, 0x00000000a3500000, 0x00000000a3600000|  0%| F|  |TAMS 0x00000000a3500000, 0x00000000a3500000| Untracked 
|  18|0x00000000a3600000, 0x00000000a3600000, 0x00000000a3700000|  0%| F|  |TAMS 0x00000000a3600000, 0x00000000a3600000| Untracked 
|  19|0x00000000a3700000, 0x00000000a3700000, 0x00000000a3800000|  0%| F|  |TAMS 0x00000000a3700000, 0x00000000a3700000| Untracked 
|  20|0x00000000a3800000, 0x00000000a3800000, 0x00000000a3900000|  0%| F|  |TAMS 0x00000000a3800000, 0x00000000a3800000| Untracked 
|  21|0x00000000a3900000, 0x00000000a3900000, 0x00000000a3a00000|  0%| F|  |TAMS 0x00000000a3900000, 0x00000000a3900000| Untracked 
|  22|0x00000000a3a00000, 0x00000000a3a00000, 0x00000000a3b00000|  0%| F|  |TAMS 0x00000000a3a00000, 0x00000000a3a00000| Untracked 
|  23|0x00000000a3b00000, 0x00000000a3b00000, 0x00000000a3c00000|  0%| F|  |TAMS 0x00000000a3b00000, 0x00000000a3b00000| Untracked 
|  24|0x00000000a3c00000, 0x00000000a3c00000, 0x00000000a3d00000|  0%| F|  |TAMS 0x00000000a3c00000, 0x00000000a3c00000| Untracked 
|  25|0x00000000a3d00000, 0x00000000a3d00000, 0x00000000a3e00000|  0%| F|  |TAMS 0x00000000a3d00000, 0x00000000a3d00000| Untracked 
|  26|0x00000000a3e00000, 0x00000000a3e00000, 0x00000000a3f00000|  0%| F|  |TAMS 0x00000000a3e00000, 0x00000000a3e00000| Untracked 
|  27|0x00000000a3f00000, 0x00000000a3f00000, 0x00000000a4000000|  0%| F|  |TAMS 0x00000000a3f00000, 0x00000000a3f00000| Untracked 
|  28|0x00000000a4000000, 0x00000000a4000000, 0x00000000a4100000|  0%| F|  |TAMS 0x00000000a4000000, 0x00000000a4000000| Untracked 
|  29|0x00000000a4100000, 0x00000000a4100000, 0x00000000a4200000|  0%| F|  |TAMS 0x00000000a4100000, 0x00000000a4100000| Untracked 
|  30|0x00000000a4200000, 0x00000000a4200000, 0x00000000a4300000|  0%| F|  |TAMS 0x00000000a4200000, 0x00000000a4200000| Untracked 
|  31|0x00000000a4300000, 0x00000000a4300000, 0x00000000a4400000|  0%| F|  |TAMS 0x00000000a4300000, 0x00000000a4300000| Untracked 
|  32|0x00000000a4400000, 0x00000000a4400000, 0x00000000a4500000|  0%| F|  |TAMS 0x00000000a4400000, 0x00000000a4400000| Untracked 
|  33|0x00000000a4500000, 0x00000000a4500000, 0x00000000a4600000|  0%| F|  |TAMS 0x00000000a4500000, 0x00000000a4500000| Untracked 
|  34|0x00000000a4600000, 0x00000000a4600000, 0x00000000a4700000|  0%| F|  |TAMS 0x00000000a4600000, 0x00000000a4600000| Untracked 
|  35|0x00000000a4700000, 0x00000000a4727818, 0x00000000a4800000| 15%| S|CS|TAMS 0x00000000a4700000, 0x00000000a4700000| Complete 
|  36|0x00000000a4800000, 0x00000000a4900000, 0x00000000a4900000|100%| S|CS|TAMS 0x00000000a4800000, 0x00000000a4800000| Complete 
|  37|0x00000000a4900000, 0x00000000a4a00000, 0x00000000a4a00000|100%| S|CS|TAMS 0x00000000a4900000, 0x00000000a4900000| Complete 
|  38|0x00000000a4a00000, 0x00000000a4a00000, 0x00000000a4b00000|  0%| F|  |TAMS 0x00000000a4a00000, 0x00000000a4a00000| Untracked 
|  39|0x00000000a4b00000, 0x00000000a4b00000, 0x00000000a4c00000|  0%| F|  |TAMS 0x00000000a4b00000, 0x00000000a4b00000| Untracked 
|  40|0x00000000a4c00000, 0x00000000a4c00000, 0x00000000a4d00000|  0%| F|  |TAMS 0x00000000a4c00000, 0x00000000a4c00000| Untracked 
|  41|0x00000000a4d00000, 0x00000000a4d00000, 0x00000000a4e00000|  0%| F|  |TAMS 0x00000000a4d00000, 0x00000000a4d00000| Untracked 
|  42|0x00000000a4e00000, 0x00000000a4e00000, 0x00000000a4f00000|  0%| F|  |TAMS 0x00000000a4e00000, 0x00000000a4e00000| Untracked 
|  43|0x00000000a4f00000, 0x00000000a4f00000, 0x00000000a5000000|  0%| F|  |TAMS 0x00000000a4f00000, 0x00000000a4f00000| Untracked 
|  44|0x00000000a5000000, 0x00000000a5000000, 0x00000000a5100000|  0%| F|  |TAMS 0x00000000a5000000, 0x00000000a5000000| Untracked 
|  45|0x00000000a5100000, 0x00000000a5100000, 0x00000000a5200000|  0%| F|  |TAMS 0x00000000a5100000, 0x00000000a5100000| Untracked 
|  46|0x00000000a5200000, 0x00000000a5200000, 0x00000000a5300000|  0%| F|  |TAMS 0x00000000a5200000, 0x00000000a5200000| Untracked 
|  47|0x00000000a5300000, 0x00000000a5300000, 0x00000000a5400000|  0%| F|  |TAMS 0x00000000a5300000, 0x00000000a5300000| Untracked 
|  48|0x00000000a5400000, 0x00000000a5400000, 0x00000000a5500000|  0%| F|  |TAMS 0x00000000a5400000, 0x00000000a5400000| Untracked 
|  49|0x00000000a5500000, 0x00000000a5500000, 0x00000000a5600000|  0%| F|  |TAMS 0x00000000a5500000, 0x00000000a5500000| Untracked 
|  50|0x00000000a5600000, 0x00000000a5600000, 0x00000000a5700000|  0%| F|  |TAMS 0x00000000a5600000, 0x00000000a5600000| Untracked 
|  51|0x00000000a5700000, 0x00000000a5700000, 0x00000000a5800000|  0%| F|  |TAMS 0x00000000a5700000, 0x00000000a5700000| Untracked 
|  52|0x00000000a5800000, 0x00000000a5800000, 0x00000000a5900000|  0%| F|  |TAMS 0x00000000a5800000, 0x00000000a5800000| Untracked 
|  53|0x00000000a5900000, 0x00000000a5900000, 0x00000000a5a00000|  0%| F|  |TAMS 0x00000000a5900000, 0x00000000a5900000| Untracked 
|  54|0x00000000a5a00000, 0x00000000a5a00000, 0x00000000a5b00000|  0%| F|  |TAMS 0x00000000a5a00000, 0x00000000a5a00000| Untracked 
|  55|0x00000000a5b00000, 0x00000000a5b00000, 0x00000000a5c00000|  0%| F|  |TAMS 0x00000000a5b00000, 0x00000000a5b00000| Untracked 
|  56|0x00000000a5c00000, 0x00000000a5c00000, 0x00000000a5d00000|  0%| F|  |TAMS 0x00000000a5c00000, 0x00000000a5c00000| Untracked 
|  57|0x00000000a5d00000, 0x00000000a5d00000, 0x00000000a5e00000|  0%| F|  |TAMS 0x00000000a5d00000, 0x00000000a5d00000| Untracked 
|  58|0x00000000a5e00000, 0x00000000a5e00000, 0x00000000a5f00000|  0%| F|  |TAMS 0x00000000a5e00000, 0x00000000a5e00000| Untracked 
|  59|0x00000000a5f00000, 0x00000000a5f00000, 0x00000000a6000000|  0%| F|  |TAMS 0x00000000a5f00000, 0x00000000a5f00000| Untracked 
|  60|0x00000000a6000000, 0x00000000a6000000, 0x00000000a6100000|  0%| F|  |TAMS 0x00000000a6000000, 0x00000000a6000000| Untracked 
|  61|0x00000000a6100000, 0x00000000a6100000, 0x00000000a6200000|  0%| F|  |TAMS 0x00000000a6100000, 0x00000000a6100000| Untracked 
|  62|0x00000000a6200000, 0x00000000a6200000, 0x00000000a6300000|  0%| F|  |TAMS 0x00000000a6200000, 0x00000000a6200000| Untracked 
|  63|0x00000000a6300000, 0x00000000a6300000, 0x00000000a6400000|  0%| F|  |TAMS 0x00000000a6300000, 0x00000000a6300000| Untracked 
|  64|0x00000000a6400000, 0x00000000a6400000, 0x00000000a6500000|  0%| F|  |TAMS 0x00000000a6400000, 0x00000000a6400000| Untracked 
|  65|0x00000000a6500000, 0x00000000a6500000, 0x00000000a6600000|  0%| F|  |TAMS 0x00000000a6500000, 0x00000000a6500000| Untracked 
|  66|0x00000000a6600000, 0x00000000a666a030, 0x00000000a6700000| 41%| E|  |TAMS 0x00000000a6600000, 0x00000000a6600000| Complete 
|  67|0x00000000a6700000, 0x00000000a6800000, 0x00000000a6800000|100%| E|CS|TAMS 0x00000000a6700000, 0x00000000a6700000| Complete 
|  68|0x00000000a6800000, 0x00000000a6900000, 0x00000000a6900000|100%| E|CS|TAMS 0x00000000a6800000, 0x00000000a6800000| Complete 
|  69|0x00000000a6900000, 0x00000000a6a00000, 0x00000000a6a00000|100%| E|CS|TAMS 0x00000000a6900000, 0x00000000a6900000| Complete 
|  70|0x00000000a6a00000, 0x00000000a6b00000, 0x00000000a6b00000|100%| E|CS|TAMS 0x00000000a6a00000, 0x00000000a6a00000| Complete 
|  71|0x00000000a6b00000, 0x00000000a6c00000, 0x00000000a6c00000|100%| E|CS|TAMS 0x00000000a6b00000, 0x00000000a6b00000| Complete 
|  72|0x00000000a6c00000, 0x00000000a6d00000, 0x00000000a6d00000|100%| E|CS|TAMS 0x00000000a6c00000, 0x00000000a6c00000| Complete 
|  73|0x00000000a6d00000, 0x00000000a6e00000, 0x00000000a6e00000|100%| E|CS|TAMS 0x00000000a6d00000, 0x00000000a6d00000| Complete 
|  74|0x00000000a6e00000, 0x00000000a6f00000, 0x00000000a6f00000|100%| E|CS|TAMS 0x00000000a6e00000, 0x00000000a6e00000| Complete 
|  75|0x00000000a6f00000, 0x00000000a7000000, 0x00000000a7000000|100%| E|CS|TAMS 0x00000000a6f00000, 0x00000000a6f00000| Complete 
|  76|0x00000000a7000000, 0x00000000a7100000, 0x00000000a7100000|100%| E|CS|TAMS 0x00000000a7000000, 0x00000000a7000000| Complete 
|  77|0x00000000a7100000, 0x00000000a7200000, 0x00000000a7200000|100%| E|CS|TAMS 0x00000000a7100000, 0x00000000a7100000| Complete 
|  78|0x00000000a7200000, 0x00000000a7300000, 0x00000000a7300000|100%| E|CS|TAMS 0x00000000a7200000, 0x00000000a7200000| Complete 
|  79|0x00000000a7300000, 0x00000000a7400000, 0x00000000a7400000|100%| E|CS|TAMS 0x00000000a7300000, 0x00000000a7300000| Complete 
|  80|0x00000000a7400000, 0x00000000a7500000, 0x00000000a7500000|100%| E|CS|TAMS 0x00000000a7400000, 0x00000000a7400000| Complete 
|  81|0x00000000a7500000, 0x00000000a7600000, 0x00000000a7600000|100%| E|CS|TAMS 0x00000000a7500000, 0x00000000a7500000| Complete 
|  82|0x00000000a7600000, 0x00000000a7700000, 0x00000000a7700000|100%| E|CS|TAMS 0x00000000a7600000, 0x00000000a7600000| Complete 
|  83|0x00000000a7700000, 0x00000000a7800000, 0x00000000a7800000|100%| E|CS|TAMS 0x00000000a7700000, 0x00000000a7700000| Complete 
|  84|0x00000000a7800000, 0x00000000a7900000, 0x00000000a7900000|100%| E|CS|TAMS 0x00000000a7800000, 0x00000000a7800000| Complete 
|  85|0x00000000a7900000, 0x00000000a7a00000, 0x00000000a7a00000|100%| E|CS|TAMS 0x00000000a7900000, 0x00000000a7900000| Complete 
|  86|0x00000000a7a00000, 0x00000000a7b00000, 0x00000000a7b00000|100%| E|CS|TAMS 0x00000000a7a00000, 0x00000000a7a00000| Complete 
|  87|0x00000000a7b00000, 0x00000000a7c00000, 0x00000000a7c00000|100%| E|CS|TAMS 0x00000000a7b00000, 0x00000000a7b00000| Complete 
|  88|0x00000000a7c00000, 0x00000000a7d00000, 0x00000000a7d00000|100%| E|CS|TAMS 0x00000000a7c00000, 0x00000000a7c00000| Complete 
|  89|0x00000000a7d00000, 0x00000000a7e00000, 0x00000000a7e00000|100%| E|CS|TAMS 0x00000000a7d00000, 0x00000000a7d00000| Complete 
|  90|0x00000000a7e00000, 0x00000000a7f00000, 0x00000000a7f00000|100%| E|CS|TAMS 0x00000000a7e00000, 0x00000000a7e00000| Complete 
|  91|0x00000000a7f00000, 0x00000000a8000000, 0x00000000a8000000|100%| E|CS|TAMS 0x00000000a7f00000, 0x00000000a7f00000| Complete 
|  92|0x00000000a8000000, 0x00000000a8100000, 0x00000000a8100000|100%| E|CS|TAMS 0x00000000a8000000, 0x00000000a8000000| Complete 
|  93|0x00000000a8100000, 0x00000000a8200000, 0x00000000a8200000|100%| E|CS|TAMS 0x00000000a8100000, 0x00000000a8100000| Complete 

Card table byte_map: [0x000001cc487d0000,0x000001cc48ac0000] _byte_map_base: 0x000001cc482be000

Marking Bits (Prev, Next): (CMBitMap*) 0x000001cc3141e350, (CMBitMap*) 0x000001cc3141e390
 Prev Bits: [0x000001cc48db0000, 0x000001cc4a520000)
 Next Bits: [0x000001cc4a520000, 0x000001cc4bc90000)

Polling page: 0x000001cc2f220000

Metaspace:

Usage:
  Non-class:     10.28 MB used.
      Class:    752.82 KB used.
       Both:     11.01 MB used.

Virtual space:
  Non-class space:       16.00 MB reserved,      10.44 MB ( 65%) committed,  2 nodes.
      Class space:        1.00 GB reserved,     896.00 KB ( <1%) committed,  1 nodes.
             Both:        1.02 GB reserved,      11.31 MB (  1%) committed. 

Chunk freelists:
   Non-Class:  48.00 KB
       Class:  3.11 MB
        Both:  3.16 MB

MaxMetaspaceSize: unlimited
CompressedClassSpaceSize: 1.00 GB
Initial GC threshold: 21.00 MB
Current GC threshold: 21.00 MB
CDS: on
MetaspaceReclaimPolicy: balanced
 - commit_granule_bytes: 65536.
 - commit_granule_words: 8192.
 - virtual_space_node_default_size: 1048576.
 - enlarge_chunks_in_place: 1.
 - new_chunks_are_fully_committed: 0.
 - uncommit_free_chunks: 1.
 - use_allocation_guard: 0.
 - handle_deallocations: 1.


Internal statistics:

num_allocs_failed_limit: 0.
num_arena_births: 244.
num_arena_deaths: 0.
num_vsnodes_births: 3.
num_vsnodes_deaths: 0.
num_space_committed: 179.
num_space_uncommitted: 0.
num_chunks_returned_to_freelist: 0.
num_chunks_taken_from_freelist: 611.
num_chunk_merges: 0.
num_chunk_splits: 423.
num_chunks_enlarged: 310.
num_purges: 0.
num_inconsistent_stats: 0.

CodeHeap 'non-profiled nmethods': size=119168Kb used=1196Kb max_used=1196Kb free=117971Kb
 bounds [0x000001cc407f0000, 0x000001cc40a60000, 0x000001cc47c50000]
CodeHeap 'profiled nmethods': size=119104Kb used=4470Kb max_used=4470Kb free=114633Kb
 bounds [0x000001cc38c50000, 0x000001cc390b0000, 0x000001cc400a0000]
CodeHeap 'non-nmethods': size=7488Kb used=1836Kb max_used=3528Kb free=5651Kb
 bounds [0x000001cc400a0000, 0x000001cc40420000, 0x000001cc407f0000]
 total_blobs=3997 nmethods=2660 adapters=1250
 compilation: enabled
              stopped_count=0, restarted_count=0
 full_count=0

Compilation events (20 events):
Event: 29.350 Thread 0x000001cc4ec20570 2651       3       org.lwjgl.nuklear.Nuklear::nk_clear (8 bytes)
Event: 29.350 Thread 0x000001cc4ec20570 nmethod 2651 0x000001cc390a0c10 code [0x000001cc390a0dc0, 0x000001cc390a0f88]
Event: 29.350 Thread 0x000001cc4ec20570 2652       3       org.lwjgl.nuklear.Nuklear::nk_buffer_clear (8 bytes)
Event: 29.350 Thread 0x000001cc4ec20570 nmethod 2652 0x000001cc390a1090 code [0x000001cc390a1240, 0x000001cc390a1408]
Event: 29.364 Thread 0x000001cc4ec20570 2653   !   3       cs.core.ui.CSNuklear$CSNuklearRender::draw (727 bytes)
Event: 29.372 Thread 0x000001cc4ec20570 nmethod 2653 0x000001cc390a1510 code [0x000001cc390a2040, 0x000001cc390a8da8]
Event: 29.372 Thread 0x000001cc4ec20570 2655       3       cs.core.graphics.CSVAO$VertexBufferAccess::close (14 bytes)
Event: 29.372 Thread 0x000001cc4ec20570 nmethod 2655 0x000001cc390ac390 code [0x000001cc390ac560, 0x000001cc390ac818]
Event: 29.372 Thread 0x000001cc4ec20570 2654       3       cs.core.graphics.CSVAO$ElementBufferAccess::close (14 bytes)
Event: 29.373 Thread 0x000001cc4ec20570 nmethod 2654 0x000001cc390ac990 code [0x000001cc390acb60, 0x000001cc390ace18]
Event: 29.548 Thread 0x000001cc4ec20570 2656       3       cs.core.ui.CSNuklear$CSUI$CSLayout$CSMenuBar$CSMenuElement$$Lambda$158/0x0000000800ca7910::invoke (8 bytes)
Event: 29.548 Thread 0x000001cc4ec20570 nmethod 2656 0x000001cc390acf90 code [0x000001cc390ad140, 0x000001cc390ad3e8]
Event: 29.555 Thread 0x000001cc4ec20570 2657       3       cs.core.ui.CSNuklear$CSUI$CSLayout$CSMenuBar$CSMenu$$Lambda$160/0x0000000800ca7d50::invoke (12 bytes)
Event: 29.555 Thread 0x000001cc4ec20570 nmethod 2657 0x000001cc390ad510 code [0x000001cc390ad6c0, 0x000001cc390ad808]
Event: 29.645 Thread 0x000001cc4ec16740 2658   !   4       cs.core.graphics.CSGLSL::uploadMatrix (95 bytes)
Event: 29.652 Thread 0x000001cc4ec16740 nmethod 2658 0x000001cc40919a10 code [0x000001cc40919c00, 0x000001cc4091a220]
Event: 30.276 Thread 0x000001cc4ec16740 2659       4       java.lang.invoke.MethodType::hashCode (53 bytes)
Event: 30.278 Thread 0x000001cc4ec16740 nmethod 2659 0x000001cc4091a890 code [0x000001cc4091aa20, 0x000001cc4091abd8]
Event: 30.278 Thread 0x000001cc4ec16740 2660       4       java.util.LinkedList::node (65 bytes)
Event: 30.279 Thread 0x000001cc4ec16740 nmethod 2660 0x000001cc4091ad90 code [0x000001cc4091af00, 0x000001cc4091afb8]

GC Heap History (6 events):
Event: 1.213 GC heap before
{Heap before GC invocations=0 (full 0):
 garbage-first heap   total 96256K, used 22528K [0x00000000a2400000, 0x0000000100000000)
  region size 1024K, 23 young (23552K), 0 survivors (0K)
 Metaspace       used 6544K, committed 6720K, reserved 1064960K
  class space    used 433K, committed 512K, reserved 1048576K
}
Event: 1.217 GC heap after
{Heap after GC invocations=1 (full 0):
 garbage-first heap   total 96256K, used 2822K [0x00000000a2400000, 0x0000000100000000)
  region size 1024K, 3 young (3072K), 3 survivors (3072K)
 Metaspace       used 6544K, committed 6720K, reserved 1064960K
  class space    used 433K, committed 512K, reserved 1048576K
}
Event: 12.493 GC heap before
{Heap before GC invocations=1 (full 0):
 garbage-first heap   total 96256K, used 36614K [0x00000000a2400000, 0x0000000100000000)
  region size 1024K, 37 young (37888K), 3 survivors (3072K)
 Metaspace       used 10614K, committed 10880K, reserved 1064960K
  class space    used 729K, committed 832K, reserved 1048576K
}
Event: 12.498 GC heap after
{Heap after GC invocations=2 (full 0):
 garbage-first heap   total 96256K, used 3916K [0x00000000a2400000, 0x0000000100000000)
  region size 1024K, 4 young (4096K), 4 survivors (4096K)
 Metaspace       used 10614K, committed 10880K, reserved 1064960K
  class space    used 729K, committed 832K, reserved 1048576K
}
Event: 23.070 GC heap before
{Heap before GC invocations=2 (full 0):
 garbage-first heap   total 96256K, used 57164K [0x00000000a2400000, 0x0000000100000000)
  region size 1024K, 56 young (57344K), 4 survivors (4096K)
 Metaspace       used 11255K, committed 11584K, reserved 1064960K
  class space    used 749K, committed 896K, reserved 1048576K
}
Event: 23.078 GC heap after
{Heap after GC invocations=3 (full 0):
 garbage-first heap   total 96256K, used 4165K [0x00000000a2400000, 0x0000000100000000)
  region size 1024K, 3 young (3072K), 3 survivors (3072K)
 Metaspace       used 11255K, committed 11584K, reserved 1064960K
  class space    used 749K, committed 896K, reserved 1048576K
}

Deoptimization events (20 events):
Event: 30.275 Thread 0x000001cc313d0ba0 Uncommon trap: trap_request=0xffffff45 fr.pc=0x000001cc408b298c relative=0x000000000000006c
Event: 30.275 Thread 0x000001cc313d0ba0 Uncommon trap: reason=unstable_if action=reinterpret pc=0x000001cc408b298c method=org.lwjgl.glfw.GLFW.glfwWindowShouldClose(J)Z @ 20 c2
Event: 30.275 Thread 0x000001cc4fb5e990 Uncommon trap: trap_request=0xffffff45 fr.pc=0x000001cc408b9134 relative=0x0000000000000094
Event: 30.275 Thread 0x000001cc313d0ba0 DEOPT PACKING pc=0x000001cc408b298c sp=0x00000008a1aff460
Event: 30.275 Thread 0x000001cc4fb5e990 Uncommon trap: reason=unstable_if action=reinterpret pc=0x000001cc408b9134 method=org.lwjgl.glfw.GLFW.glfwWindowShouldClose(J)Z @ 20 c2
Event: 30.275 Thread 0x000001cc313d0ba0 DEOPT UNPACKING pc=0x000001cc400f23a3 sp=0x00000008a1aff3e0 mode 2
Event: 30.275 Thread 0x000001cc4fb5e990 DEOPT PACKING pc=0x000001cc408b9134 sp=0x00000008a3e0f3c0
Event: 30.275 Thread 0x000001cc4fb5e990 DEOPT UNPACKING pc=0x000001cc400f23a3 sp=0x00000008a3e0f288 mode 2
Event: 30.277 Thread 0x000001cc4fb60b40 Uncommon trap: trap_request=0xffffff45 fr.pc=0x000001cc4082c58c relative=0x000000000000008c
Event: 30.277 Thread 0x000001cc4fb60b40 Uncommon trap: reason=unstable_if action=reinterpret pc=0x000001cc4082c58c method=jdk.internal.misc.Unsafe.convEndian(ZI)I @ 4 c2
Event: 30.277 Thread 0x000001cc4fb60b40 DEOPT PACKING pc=0x000001cc4082c58c sp=0x00000008a32fee50
Event: 30.277 Thread 0x000001cc4fb60b40 DEOPT UNPACKING pc=0x000001cc400f23a3 sp=0x00000008a32fed40 mode 2
Event: 30.278 Thread 0x000001cc313d0ba0 Uncommon trap: trap_request=0xffffff45 fr.pc=0x000001cc408fb6b4 relative=0x0000000000000214
Event: 30.278 Thread 0x000001cc313d0ba0 Uncommon trap: reason=unstable_if action=reinterpret pc=0x000001cc408fb6b4 method=java.util.LinkedList$ListItr.<init>(Ljava/util/LinkedList;I)V @ 26 c2
Event: 30.278 Thread 0x000001cc313d0ba0 DEOPT PACKING pc=0x000001cc408fb6b4 sp=0x00000008a1afefb0
Event: 30.278 Thread 0x000001cc313d0ba0 DEOPT UNPACKING pc=0x000001cc400f23a3 sp=0x00000008a1afedb0 mode 2
Event: 30.278 Thread 0x000001cc313d0ba0 Uncommon trap: trap_request=0xffffff45 fr.pc=0x000001cc408fb0c0 relative=0x00000000000001a0
Event: 30.278 Thread 0x000001cc313d0ba0 Uncommon trap: reason=unstable_if action=reinterpret pc=0x000001cc408fb0c0 method=java.util.LinkedList$ListItr.<init>(Ljava/util/LinkedList;I)V @ 26 c2
Event: 30.278 Thread 0x000001cc313d0ba0 DEOPT PACKING pc=0x000001cc408fb0c0 sp=0x00000008a1afef30
Event: 30.278 Thread 0x000001cc313d0ba0 DEOPT UNPACKING pc=0x000001cc400f23a3 sp=0x00000008a1afedb0 mode 2

Classes unloaded (0 events):
No events

Classes redefined (0 events):
No events

Internal exceptions (20 events):
Event: 1.387 Thread 0x000001cc313d0ba0 Exception <a 'java/lang/NoSuchMethodError'{0x00000000a77e5460}: 'int java.lang.invoke.DirectMethodHandle$Holder.invokeStatic(java.lang.Object)'> (0x00000000a77e5460) 
thrown [s\open\src\hotspot\share\interpreter\linkResolver.cpp, line 759]
Event: 1.387 Thread 0x000001cc313d0ba0 Exception <a 'java/lang/NoSuchMethodError'{0x00000000a77e8910}: 'int java.lang.invoke.DirectMethodHandle$Holder.invokeStaticInit(java.lang.Object)'> (0x00000000a77e8910) 
thrown [s\open\src\hotspot\share\interpreter\linkResolver.cpp, line 759]
Event: 1.388 Thread 0x000001cc313d0ba0 Exception <a 'java/lang/NoSuchMethodError'{0x00000000a77f26a8}: 'void java.lang.invoke.DirectMethodHandle$Holder.invokeVirtual(java.lang.Object, java.lang.Object)'> (0x00000000a77f26a8) 
thrown [s\open\src\hotspot\share\interpreter\linkResolver.cpp, line 759]
Event: 1.411 Thread 0x000001cc313d0ba0 Exception <a 'java/lang/NoSuchMethodError'{0x00000000a750a918}: 'void java.lang.invoke.DirectMethodHandle$Holder.invokeSpecial(java.lang.Object, java.lang.Object, java.lang.Object, java.lang.Object, java.lang.Object)'> (0x00000000a750a918) 
thrown [s\open\src\hotspot\share\interpreter\linkResolver.cpp, line 759]
Event: 1.416 Thread 0x000001cc313d0ba0 Exception <a 'java/lang/NoSuchMethodError'{0x00000000a754db60}: 'long java.lang.invoke.DirectMethodHandle$Holder.invokeSpecial(java.lang.Object, java.lang.Object)'> (0x00000000a754db60) 
thrown [s\open\src\hotspot\share\interpreter\linkResolver.cpp, line 759]
Event: 1.417 Thread 0x000001cc313d0ba0 Exception <a 'java/lang/NoSuchMethodError'{0x00000000a7559990}: 'java.lang.Object java.lang.invoke.DirectMethodHandle$Holder.newInvokeSpecial(java.lang.Object, java.lang.Object, java.lang.Object, java.lang.Object, java.lang.Object)'> (0x00000000a7559990) 
thrown [s\open\src\hotspot\share\interpreter\linkResolver.cpp, line 759]
Event: 1.769 Thread 0x000001cc313d0ba0 Exception <a 'java/lang/NoSuchMethodError'{0x00000000a75bbe28}: 'java.lang.Object java.lang.invoke.DirectMethodHandle$Holder.newInvokeSpecial(java.lang.Object, java.lang.Object, int, int)'> (0x00000000a75bbe28) 
thrown [s\open\src\hotspot\share\interpreter\linkResolver.cpp, line 759]
Event: 1.786 Thread 0x000001cc313d0ba0 Exception <a 'java/lang/NoSuchMethodError'{0x00000000a75eb528}: 'java.lang.Object java.lang.invoke.DirectMethodHandle$Holder.invokeSpecial(java.lang.Object, java.lang.Object, double, double)'> (0x00000000a75eb528) 
thrown [s\open\src\hotspot\share\interpreter\linkResolver.cpp, line 759]
Event: 2.421 Thread 0x000001cc313d0ba0 Exception <a 'java/lang/NoSuchMethodError'{0x00000000a732eff8}: 'java.lang.Object java.lang.invoke.DirectMethodHandle$Holder.newInvokeSpecial(java.lang.Object, int, int, int)'> (0x00000000a732eff8) 
thrown [s\open\src\hotspot\share\interpreter\linkResolver.cpp, line 759]
Event: 2.421 Thread 0x000001cc313d0ba0 Exception <a 'java/lang/NoSuchMethodError'{0x00000000a73329e0}: 'java.lang.Object java.lang.invoke.DirectMethodHandle$Holder.invokeSpecial(java.lang.Object, java.lang.Object, int, int, int)'> (0x00000000a73329e0) 
thrown [s\open\src\hotspot\share\interpreter\linkResolver.cpp, line 759]
Event: 2.521 Thread 0x000001cc4fb5e990 Exception <a 'java/lang/NoSuchMethodError'{0x00000000a724e820}: 'java.lang.Object java.lang.invoke.DirectMethodHandle$Holder.newInvokeSpecial(java.lang.Object, java.lang.Object, int, java.lang.Object)'> (0x00000000a724e820) 
thrown [s\open\src\hotspot\share\interpreter\linkResolver.cpp, line 759]
Event: 2.522 Thread 0x000001cc4fb5e990 Exception <a 'java/lang/NoSuchMethodError'{0x00000000a72523c0}: 'java.lang.Object java.lang.invoke.DirectMethodHandle$Holder.invokeSpecial(java.lang.Object, java.lang.Object, java.lang.Object, int, java.lang.Object)'> (0x00000000a72523c0) 
thrown [s\open\src\hotspot\share\interpreter\linkResolver.cpp, line 759]
Event: 2.523 Thread 0x000001cc4fb5e990 Exception <a 'java/lang/NoSuchMethodError'{0x00000000a7260ce8}: 'double java.lang.invoke.DirectMethodHandle$Holder.invokeSpecial(java.lang.Object, java.lang.Object)'> (0x00000000a7260ce8) 
thrown [s\open\src\hotspot\share\interpreter\linkResolver.cpp, line 759]
Event: 2.524 Thread 0x000001cc4fb5e990 Exception <a 'java/lang/NoSuchMethodError'{0x00000000a726b420}: 'float java.lang.invoke.DirectMethodHandle$Holder.invokeVirtual(java.lang.Object, java.lang.Object)'> (0x00000000a726b420) 
thrown [s\open\src\hotspot\share\interpreter\linkResolver.cpp, line 759]
Event: 2.525 Thread 0x000001cc4fb5e990 Exception <a 'java/lang/NoSuchMethodError'{0x00000000a7272988}: 'void java.lang.invoke.DirectMethodHandle$Holder.invokeVirtual(java.lang.Object, java.lang.Object, float)'> (0x00000000a7272988) 
thrown [s\open\src\hotspot\share\interpreter\linkResolver.cpp, line 759]
Event: 2.525 Thread 0x000001cc4fb5e990 Exception <a 'java/lang/NoSuchMethodError'{0x00000000a72789d0}: 'int java.lang.invoke.DirectMethodHandle$Holder.invokeVirtual(java.lang.Object, java.lang.Object)'> (0x00000000a72789d0) 
thrown [s\open\src\hotspot\share\interpreter\linkResolver.cpp, line 759]
Event: 2.525 Thread 0x000001cc4fb5e990 Exception <a 'java/lang/NoSuchMethodError'{0x00000000a727e810}: 'void java.lang.invoke.DirectMethodHandle$Holder.invokeVirtual(java.lang.Object, java.lang.Object, int)'> (0x00000000a727e810) 
thrown [s\open\src\hotspot\share\interpreter\linkResolver.cpp, line 759]
Event: 2.528 Thread 0x000001cc4fb5e990 Exception <a 'java/lang/NoSuchMethodError'{0x00000000a7294b50}: 'void java.lang.invoke.DirectMethodHandle$Holder.invokeStatic(java.lang.Object, int, int)'> (0x00000000a7294b50) 
thrown [s\open\src\hotspot\share\interpreter\linkResolver.cpp, line 759]
Event: 2.598 Thread 0x000001cc313d0ba0 Exception <a 'java/lang/NoSuchMethodError'{0x00000000a735e778}: 'int java.lang.invoke.DirectMethodHandle$Holder.invokeStaticInit(java.lang.Object, java.lang.Object, java.lang.Object)'> (0x00000000a735e778) 
thrown [s\open\src\hotspot\share\interpreter\linkResolver.cpp, line 759]
Event: 2.600 Thread 0x000001cc313d0ba0 Exception <a 'java/lang/NoSuchMethodError'{0x00000000a6f86588}: 'void java.lang.invoke.DirectMethodHandle$Holder.invokeStatic(java.lang.Object, java.lang.Object, java.lang.Object, java.lang.Object)'> (0x00000000a6f86588) 
thrown [s\open\src\hotspot\share\interpreter\linkResolver.cpp, line 759]

VM Operations (20 events):
Event: 12.493 Executing VM operation: G1CollectForAllocation
Event: 12.498 Executing VM operation: G1CollectForAllocation done
Event: 13.503 Executing VM operation: Cleanup
Event: 13.503 Executing VM operation: Cleanup done
Event: 14.203 Executing VM operation: HandshakeAllThreads
Event: 14.203 Executing VM operation: HandshakeAllThreads done
Event: 15.203 Executing VM operation: Cleanup
Event: 15.203 Executing VM operation: Cleanup done
Event: 16.204 Executing VM operation: Cleanup
Event: 16.204 Executing VM operation: Cleanup done
Event: 17.204 Executing VM operation: Cleanup
Event: 17.204 Executing VM operation: Cleanup done
Event: 19.205 Executing VM operation: Cleanup
Event: 19.205 Executing VM operation: Cleanup done
Event: 23.070 Executing VM operation: G1CollectForAllocation
Event: 23.078 Executing VM operation: G1CollectForAllocation done
Event: 25.080 Executing VM operation: Cleanup
Event: 25.080 Executing VM operation: Cleanup done
Event: 30.082 Executing VM operation: Cleanup
Event: 30.083 Executing VM operation: Cleanup done

Events (20 events):
Event: 2.839 Thread 0x000001cc607d6050 Thread exited: 0x000001cc607d6050
Event: 3.079 Thread 0x000001cc607c9ef0 Thread exited: 0x000001cc607c9ef0
Event: 5.442 Thread 0x000001cc5315c9c0 Thread exited: 0x000001cc5315c9c0
Event: 10.842 Thread 0x000001cc4f901320 Thread exited: 0x000001cc4f901320
Event: 10.842 Thread 0x000001cc4f8d1e70 Thread exited: 0x000001cc4f8d1e70
Event: 10.843 loading class jdk/internal/math/FDBigInteger
Event: 10.843 loading class jdk/internal/math/FDBigInteger done
Event: 14.216 loading class java/util/NoSuchElementException
Event: 14.216 loading class java/util/NoSuchElementException done
Event: 14.220 Thread 0x000001cc6055ae60 Thread added: 0x000001cc6055ae60
Event: 14.220 Thread 0x000001cc4f87b4b0 Thread added: 0x000001cc4f87b4b0
Event: 14.220 Thread 0x000001cc4fb06300 Thread added: 0x000001cc4fb06300
Event: 14.736 Thread 0x000001cc4f87b4b0 Thread exited: 0x000001cc4f87b4b0
Event: 15.232 Thread 0x000001cc4fb06300 Thread exited: 0x000001cc4fb06300
Event: 15.815 Thread 0x000001cc6055ae60 Thread exited: 0x000001cc6055ae60
Event: 23.278 Thread 0x000001cc608d3640 Thread added: 0x000001cc608d3640
Event: 23.837 Thread 0x000001cc608d3640 Thread exited: 0x000001cc608d3640
Event: 30.277 Thread 0x000001cc4fb5e990 Thread exited: 0x000001cc4fb5e990
Event: 30.277 loading class java/io/FileOutputStream$1
Event: 30.277 loading class java/io/FileOutputStream$1 done


Dynamic libraries:
0x00007ff6744d0000 - 0x00007ff6744e0000 	C:\Program Files\Java\jdk-17\bin\javaw.exe
0x00007ffdc32d0000 - 0x00007ffdc34e4000 	C:\WINDOWS\SYSTEM32\ntdll.dll
0x00007ffdc1ef0000 - 0x00007ffdc1fb4000 	C:\WINDOWS\System32\KERNEL32.DLL
0x00007ffdc0730000 - 0x00007ffdc0ad4000 	C:\WINDOWS\System32\KERNELBASE.dll
0x00007ffdc0f70000 - 0x00007ffdc1081000 	C:\WINDOWS\System32\ucrtbase.dll
0x00007ffdb5f50000 - 0x00007ffdb5f68000 	C:\Program Files\Java\jdk-17\bin\jli.dll
0x00007ffdbaba0000 - 0x00007ffdbabbb000 	C:\Program Files\Java\jdk-17\bin\VCRUNTIME140.dll
0x00007ffdc1500000 - 0x00007ffdc15b0000 	C:\WINDOWS\System32\ADVAPI32.dll
0x00007ffdc2910000 - 0x00007ffdc29b7000 	C:\WINDOWS\System32\msvcrt.dll
0x00007ffdc11d0000 - 0x00007ffdc1276000 	C:\WINDOWS\System32\sechost.dll
0x00007ffdc1fc0000 - 0x00007ffdc20d7000 	C:\WINDOWS\System32\RPCRT4.dll
0x00007ffdc1a70000 - 0x00007ffdc1c1a000 	C:\WINDOWS\System32\USER32.dll
0x00007ffda70d0000 - 0x00007ffda735f000 	C:\WINDOWS\WinSxS\amd64_microsoft.windows.common-controls_6595b64144ccf1df_6.0.22621.2070_none_2713e6537381f706\COMCTL32.dll
0x00007ffdc0ae0000 - 0x00007ffdc0b06000 	C:\WINDOWS\System32\win32u.dll
0x00007ffdc2e50000 - 0x00007ffdc2e79000 	C:\WINDOWS\System32\GDI32.dll
0x00007ffdc0bd0000 - 0x00007ffdc0ce9000 	C:\WINDOWS\System32\gdi32full.dll
0x00007ffdc0e60000 - 0x00007ffdc0efa000 	C:\WINDOWS\System32\msvcp_win.dll
0x00007ffdb9e00000 - 0x00007ffdb9e0a000 	C:\WINDOWS\SYSTEM32\VERSION.dll
0x00007ffdc1a30000 - 0x00007ffdc1a61000 	C:\WINDOWS\System32\IMM32.DLL
0x00007ffdbc2d0000 - 0x00007ffdbc2dc000 	C:\Program Files\Java\jdk-17\bin\vcruntime140_1.dll
0x00007ffd93800000 - 0x00007ffd9388e000 	C:\Program Files\Java\jdk-17\bin\msvcp140.dll
0x00007ffd48190000 - 0x00007ffd48d67000 	C:\Program Files\Java\jdk-17\bin\server\jvm.dll
0x00007ffdc2ab0000 - 0x00007ffdc2ab8000 	C:\WINDOWS\System32\PSAPI.DLL
0x00007ffd94630000 - 0x00007ffd94639000 	C:\WINDOWS\SYSTEM32\WSOCK32.dll
0x00007ffdb5b70000 - 0x00007ffdb5ba4000 	C:\WINDOWS\SYSTEM32\WINMM.dll
0x00007ffdc2bc0000 - 0x00007ffdc2c31000 	C:\WINDOWS\System32\WS2_32.dll
0x00007ffdbf750000 - 0x00007ffdbf768000 	C:\WINDOWS\SYSTEM32\kernel.appcore.dll
0x00007ffdb5f40000 - 0x00007ffdb5f4a000 	C:\Program Files\Java\jdk-17\bin\jimage.dll
0x00007ffdbdfc0000 - 0x00007ffdbe1ee000 	C:\WINDOWS\SYSTEM32\DBGHELP.DLL
0x00007ffdc2e80000 - 0x00007ffdc320a000 	C:\WINDOWS\System32\combase.dll
0x00007ffdc29d0000 - 0x00007ffdc2aa7000 	C:\WINDOWS\System32\OLEAUT32.dll
0x00007ffdb1540000 - 0x00007ffdb1572000 	C:\WINDOWS\SYSTEM32\dbgcore.DLL
0x00007ffdc06b0000 - 0x00007ffdc072a000 	C:\WINDOWS\System32\bcryptPrimitives.dll
0x00007ffdb1ec0000 - 0x00007ffdb1ee5000 	C:\Program Files\Java\jdk-17\bin\java.dll
0x00007ffd61e50000 - 0x00007ffd61f27000 	C:\Program Files\Java\jdk-17\bin\jsvml.dll
0x00007ffdc20e0000 - 0x00007ffdc28f6000 	C:\WINDOWS\System32\SHELL32.dll
0x00007ffdbe640000 - 0x00007ffdbef2a000 	C:\WINDOWS\SYSTEM32\windows.storage.dll
0x00007ffdbe500000 - 0x00007ffdbe63e000 	C:\WINDOWS\SYSTEM32\wintypes.dll
0x00007ffdc2ac0000 - 0x00007ffdc2bb3000 	C:\WINDOWS\System32\SHCORE.dll
0x00007ffdc1440000 - 0x00007ffdc149e000 	C:\WINDOWS\System32\shlwapi.dll
0x00007ffdc05e0000 - 0x00007ffdc0606000 	C:\WINDOWS\SYSTEM32\profapi.dll
0x00007ffdb14e0000 - 0x00007ffdb14f9000 	C:\Program Files\Java\jdk-17\bin\net.dll
0x00007ffdb9890000 - 0x00007ffdb99c7000 	C:\WINDOWS\SYSTEM32\WINHTTP.dll
0x00007ffdbfc20000 - 0x00007ffdbfc89000 	C:\WINDOWS\system32\mswsock.dll
0x00007ffd9f890000 - 0x00007ffd9f8a6000 	C:\Program Files\Java\jdk-17\bin\nio.dll
0x00007ffd9d960000 - 0x00007ffd9d978000 	C:\Program Files\Java\jdk-17\bin\zip.dll
0x00007ffd93780000 - 0x00007ffd937f5000 	C:\Users\littl\AppData\Local\Temp\lwjgllittl\3.3.1-build-7\lwjgl.dll
0x00007ffd715e0000 - 0x00007ffd71661000 	C:\Users\littl\AppData\Local\Temp\lwjgllittl\3.3.1-build-7\lwjgl_stb.dll
0x00007ffd54080000 - 0x00007ffd542d9000 	C:\Users\littl\AppData\Local\Temp\lwjgllittl\3.3.1-build-7\jemalloc.dll
0x00007ffd9d930000 - 0x00007ffd9d95a000 	C:\Users\littl\OneDrive\Desktop\Eclipse\Workspaces\CS Sprite Studio\core_extension_data\jep\jep.dll
0x00007ffd3dfd0000 - 0x00007ffd3e59d000 	C:\Users\littl\AppData\Local\Programs\Python\Python311\python311.dll
0x00007ffdc0070000 - 0x00007ffdc0098000 	C:\WINDOWS\SYSTEM32\bcrypt.dll
0x00007ffd5fa40000 - 0x00007ffd5fac2000 	C:\Users\littl\AppData\Local\Temp\lwjgllittl\3.3.1-build-7\glfw.dll
0x00007ffd85a00000 - 0x00007ffd85a46000 	C:\WINDOWS\SYSTEM32\dinput8.dll
0x00007ffd9d910000 - 0x00007ffd9d921000 	C:\WINDOWS\SYSTEM32\xinput1_4.dll
0x00007ffdc03a0000 - 0x00007ffdc03ee000 	C:\WINDOWS\SYSTEM32\cfgmgr32.dll
0x00007ffdc0370000 - 0x00007ffdc039c000 	C:\WINDOWS\SYSTEM32\DEVOBJ.dll
0x00007ffdbda90000 - 0x00007ffdbdabb000 	C:\WINDOWS\SYSTEM32\dwmapi.dll
0x00007ffdaa130000 - 0x00007ffdaa331000 	C:\WINDOWS\SYSTEM32\inputhost.dll
0x00007ffdbd410000 - 0x00007ffdbd543000 	C:\WINDOWS\SYSTEM32\CoreMessaging.dll
0x00007ffdbd810000 - 0x00007ffdbd8bb000 	C:\WINDOWS\system32\uxtheme.dll
0x00007ffd4b450000 - 0x00007ffd4b581000 	C:\ProgramData\AWHeadset\DellInc.AlienwareSoundCenter\Modules\ScheduledModules\x64\AudioDevProps2.dll
0x00007ffdc2cb0000 - 0x00007ffdc2e4c000 	C:\WINDOWS\System32\ole32.dll
0x00007ffdbfe50000 - 0x00007ffdbfe5c000 	C:\WINDOWS\SYSTEM32\CRYPTBASE.DLL
0x00007ffd4b590000 - 0x00007ffd4b63e000 	C:\ProgramData\AWHeadset\DellInc.AlienwareSoundCenter\Modules\ScheduledModules\x64\NahimicOSD.dll
0x00007ffd61790000 - 0x00007ffd617b1000 	C:\ProgramData\AWHeadset\DellInc.AlienwareSoundCenter\Modules\ScheduledModules\x64\ProductInfo.dll
0x00007ffd7f400000 - 0x00007ffd7f539000 	C:\ProgramData\A-Volute\A-Volute.Nahimic\Modules\Scheduled\x64\AudioDevProps2.dll
0x00007ffdc1090000 - 0x00007ffdc11b7000 	C:\WINDOWS\System32\MSCTF.dll
0x00007ffdba630000 - 0x00007ffdba6ec000 	C:\WINDOWS\SYSTEM32\mscms.dll
0x00007ffdbdb00000 - 0x00007ffdbdb38000 	C:\WINDOWS\SYSTEM32\dxcore.dll
0x00007ffdc1cf0000 - 0x00007ffdc1da0000 	C:\WINDOWS\System32\clbcatq.dll
0x00007ffdb6630000 - 0x00007ffdb667e000 	C:\Windows\System32\Windows.Internal.Graphics.Display.DisplayColorManagement.dll
0x00007ffd6a470000 - 0x00007ffd6a570000 	C:\WINDOWS\SYSTEM32\opengl32.dll
0x00007ffd69f80000 - 0x00007ffd69fad000 	C:\WINDOWS\SYSTEM32\GLU32.dll
0x00007ffdba060000 - 0x00007ffdba0aa000 	C:\WINDOWS\SYSTEM32\directxdatabasehelper.dll
0x00007ffdb9350000 - 0x00007ffdb9485000 	C:\Windows\System32\AppXDeploymentClient.dll
0x00007ffd18380000 - 0x00007ffd1b3a8000 	C:\WINDOWS\System32\DriverStore\FileRepository\nvlt.inf_amd64_da008533bb297082\nvoglv64.dll
0x00007ffdc15b0000 - 0x00007ffdc1a24000 	C:\WINDOWS\System32\SETUPAPI.dll
0x00007ffdbd6f0000 - 0x00007ffdbd704000 	C:\WINDOWS\SYSTEM32\WTSAPI32.dll
0x00007ffdbfec0000 - 0x00007ffdbfed2000 	C:\WINDOWS\SYSTEM32\msasn1.dll
0x00007ffdb7f30000 - 0x00007ffdb7f62000 	C:\WINDOWS\SYSTEM32\cryptnet.dll
0x00007ffdc0cf0000 - 0x00007ffdc0e57000 	C:\WINDOWS\System32\CRYPT32.dll
0x00007ffdb7d00000 - 0x00007ffdb7e58000 	C:\WINDOWS\SYSTEM32\drvstore.dll
0x00007ffdbff80000 - 0x00007ffdbffcb000 	C:\WINDOWS\SYSTEM32\wldp.dll
0x00007ffdc0f00000 - 0x00007ffdc0f6b000 	C:\WINDOWS\System32\WINTRUST.dll
0x00007ffdbf7c0000 - 0x00007ffdbf7f4000 	C:\WINDOWS\SYSTEM32\ntmarta.dll
0x00007ffd74210000 - 0x00007ffd744ce000 	C:\WINDOWS\system32\nvspcap64.dll
0x00007ffdbf560000 - 0x00007ffdbf5ad000 	C:\WINDOWS\SYSTEM32\powrprof.dll
0x00007ffdbf540000 - 0x00007ffdbf553000 	C:\WINDOWS\SYSTEM32\UMPDC.dll
0x00007ffdbf1d0000 - 0x00007ffdbf236000 	C:\WINDOWS\SYSTEM32\WINSTA.dll
0x00007ffdab410000 - 0x00007ffdab5b9000 	C:\WINDOWS\SYSTEM32\d3d9.dll
0x00007ffdc1cb0000 - 0x00007ffdc1ccf000 	C:\WINDOWS\System32\imagehlp.dll
0x00007ffdbfe60000 - 0x00007ffdbfe7b000 	C:\WINDOWS\SYSTEM32\CRYPTSP.dll
0x00007ffdbf710000 - 0x00007ffdbf745000 	C:\WINDOWS\system32\rsaenh.dll
0x00007ffdbd980000 - 0x00007ffdbda78000 	C:\WINDOWS\system32\dxgi.dll
0x00007ffdbc560000 - 0x00007ffdbc7b7000 	C:\WINDOWS\system32\d3d11.dll
0x00007ffdb1950000 - 0x00007ffdb1a00000 	C:\WINDOWS\System32\DriverStore\FileRepository\nvlt.inf_amd64_da008533bb297082\nvldumdx.dll
0x00007ffd51210000 - 0x00007ffd53b59000 	C:\WINDOWS\System32\DriverStore\FileRepository\nvlt.inf_amd64_da008533bb297082\nvwgf2umx.dll
0x00007ffdb2a90000 - 0x00007ffdb31f8000 	C:\WINDOWS\SYSTEM32\nvapi64.dll
0x00007ffdab8f0000 - 0x00007ffdaba1d000 	C:\WINDOWS\SYSTEM32\textinputframework.dll
0x00007ffdb9520000 - 0x00007ffdb988c000 	C:\WINDOWS\SYSTEM32\CoreUIComponents.dll
0x00007ffdb1eb0000 - 0x00007ffdb1ec0000 	C:\Program Files\Java\jdk-17\bin\verify.dll
0x00007ffd73790000 - 0x00007ffd737ee000 	C:\Users\littl\AppData\Local\Temp\lwjgllittl\3.3.1-build-7\lwjgl_opengl.dll
0x00007ffd627f0000 - 0x00007ffd62851000 	C:\Users\littl\AppData\Local\Temp\lwjgllittl\3.3.1-build-7\lwjgl_nuklear.dll
0x00007ffd59cd0000 - 0x00007ffd59d63000 	C:\Users\littl\AppData\Local\Temp\lwjgllittl\3.3.1-build-7\lwjgl_nanovg.dll
0x00007ffdb5bb0000 - 0x00007ffdb5d6b000 	C:\WINDOWS\System32\DriverStore\FileRepository\u0386187.inf_amd64_e45f6929dd019ce6\B385477\aticfx64.dll
0x00007ffdb5ac0000 - 0x00007ffdb5af9000 	C:\WINDOWS\System32\DriverStore\FileRepository\u0386187.inf_amd64_e45f6929dd019ce6\B385477\atiuxp64.dll
0x00007ffdb3b90000 - 0x00007ffdb5ab9000 	C:\WINDOWS\System32\DriverStore\FileRepository\u0386187.inf_amd64_e45f6929dd019ce6\B385477\atidxx64.dll
0x00007ffdbd710000 - 0x00007ffdbd7a7000 	C:\WINDOWS\SYSTEM32\apphelp.dll
0x00007ffdb3800000 - 0x00007ffdb3835000 	C:\WINDOWS\SYSTEM32\amdihk64.dll
0x00007ffdb3540000 - 0x00007ffdb356f000 	C:\WINDOWS\SYSTEM32\D3DSCache.dll
0x00007ffdbfce0000 - 0x00007ffdbfd0c000 	C:\WINDOWS\SYSTEM32\USERENV.dll
0x00007ffdb6d00000 - 0x00007ffdb6f6e000 	C:\WINDOWS\SYSTEM32\twinapi.appcore.dll

dbghelp: loaded successfully - version: 4.0.5 - missing functions: none
symbol engine: initialized successfully - sym options: 0x614 - pdb path: .;C:\Program Files\Java\jdk-17\bin;C:\WINDOWS\SYSTEM32;C:\WINDOWS\WinSxS\amd64_microsoft.windows.common-controls_6595b64144ccf1df_6.0.22621.2070_none_2713e6537381f706;C:\Program Files\Java\jdk-17\bin\server;C:\Users\littl\AppData\Local\Temp\lwjgllittl\3.3.1-build-7;C:\Users\littl\OneDrive\Desktop\Eclipse\Workspaces\CS Sprite Studio\core_extension_data\jep;C:\Users\littl\AppData\Local\Programs\Python\Python311;C:\ProgramData\AWHeadset\DellInc.AlienwareSoundCenter\Modules\ScheduledModules\x64;C:\ProgramData\A-Volute\A-Volute.Nahimic\Modules\Scheduled\x64;C:\WINDOWS\System32\DriverStore\FileRepository\nvlt.inf_amd64_da008533bb297082;C:\WINDOWS\System32\DriverStore\FileRepository\u0386187.inf_amd64_e45f6929dd019ce6\B385477

VM Arguments:
jvm_args: -ea -Dfile.encoding=windows-1252 -XX:+ShowCodeDetailsInExceptionMessages 
java_command: cs.csss.engine.Launch -d
java_class_path (initial): C:\Users\littl\OneDrive\Desktop\Eclipse\Workspaces\CS Sprite Studio\bin;C:\Users\littl\OneDrive\Desktop\Programming\Exports\COLDSTEEL core\CSCore.jar;C:\Users\littl\OneDrive\Desktop\Programming\Exports\COLDSTEEL core\CSDataStructures.jar;C:\Users\littl\OneDrive\Desktop\Programming\Exports\COLDSTEEL core\CSFiles.jar;C:\Users\littl\OneDrive\Desktop\Programming\Exports\COLDSTEEL core\CSThreads.jar;C:\Users\littl\OneDrive\Desktop\Programming\Exports\COLDSTEEL core\CSUtils.jar;C:\Users\littl\OneDrive\Desktop\Programming\LWJGL 3.3.1\lwjgl-release-3.3.1-custom (1)\lwjgl.jar;C:\Users\littl\OneDrive\Desktop\Programming\LWJGL 3.3.1\lwjgl-release-3.3.1-custom (1)\lwjgl-natives-windows.jar;C:\Users\littl\OneDrive\Desktop\Programming\LWJGL 3.3.1\lwjgl-release-3.3.1-custom (1)\joml-1.10.5.jar;C:\Users\littl\OneDrive\Desktop\Programming\LWJGL 3.3.1\lwjgl-release-3.3.1-custom (1)\lwjgl-jemalloc.jar;C:\Users\littl\OneDrive\Desktop\Programming\LWJGL 3.3.1\lwjgl-release-3.3.1-custom (1)\lwjgl-jemalloc-natives-windows.jar;C:\Users\littl\OneDrive\Desktop\Programming\LWJGL 3.3.1\lwjgl-release-3.3.1-custom (1)\lwjgl-rpmalloc.jar;C:\Users\littl\OneDrive\Desktop\Programming\LWJGL 3.3.1\lwjgl-release-3.3.1-custom (1)\lwjgl-rpmalloc-natives-windows.jar;C:\Users\littl\OneDrive\Desktop\Programming\LWJGL 3.3.1\lwjgl-release-3.3.1-custom (1)\lwjgl-stb.jar;C:\Users\littl\OneDrive\Desktop\Programming\LWJGL 3.3.1\lwjgl-release-3.3.1-custom (1)\lwjgl-stb-natives-windows.jar;C:\Users\littl\OneDrive\Desktop\Programming\LWJGL 3.3 LZ4\lwjgl-nightly-2023-04-13-custom\lwjgl-lz4.jar;C:\Users\littl\OneDrive\Desktop\Programming\LWJGL 3.3 LZ4\lwjgl-nightly-2023-04-13-custom\lwjgl-lz4-natives-windows.jar;C:\Users\littl\OneDrive\Desktop\Programming\LWJGL 3.3 LZ4\lwjgl-nightly-2023-04-13-custom\lwjgl-lz4-natives-linux.jar;C:\Users\littl\OneDrive\Desktop\Programming\LWJGL 3.3 LZ4\lwjgl-nightly-2023-04-13-custom\lwjgl-lz4-natives-macos.jar;C:\Users\littl\OneDrive\Desktop\Programming\LWJ
Launcher Type: SUN_STANDARD

[Global flags]
     intx CICompilerCount                          = 12                                        {product} {ergonomic}
     uint ConcGCThreads                            = 3                                         {product} {ergonomic}
     uint G1ConcRefinementThreads                  = 13                                        {product} {ergonomic}
   size_t G1HeapRegionSize                         = 1048576                                   {product} {ergonomic}
    uintx GCDrainStackTargetSize                   = 64                                        {product} {ergonomic}
   size_t InitialHeapSize                          = 98566144                                  {product} {ergonomic}
   size_t MarkStackSize                            = 4194304                                   {product} {ergonomic}
   size_t MaxHeapSize                              = 1572864000                                {product} {ergonomic}
   size_t MaxNewSize                               = 943718400                                 {product} {ergonomic}
   size_t MinHeapDeltaBytes                        = 1048576                                   {product} {ergonomic}
   size_t MinHeapSize                              = 8388608                                   {product} {ergonomic}
    uintx NonNMethodCodeHeapSize                   = 7602480                                {pd product} {ergonomic}
    uintx NonProfiledCodeHeapSize                  = 122027880                              {pd product} {ergonomic}
    uintx ProfiledCodeHeapSize                     = 122027880                              {pd product} {ergonomic}
    uintx ReservedCodeCacheSize                    = 251658240                              {pd product} {ergonomic}
     bool SegmentedCodeCache                       = true                                      {product} {ergonomic}
     bool ShowCodeDetailsInExceptionMessages       = true                                   {manageable} {command line}
   size_t SoftMaxHeapSize                          = 1572864000                             {manageable} {ergonomic}
     bool UseCompressedClassPointers               = true                           {product lp64_product} {ergonomic}
     bool UseCompressedOops                        = true                           {product lp64_product} {ergonomic}
     bool UseG1GC                                  = true                                      {product} {ergonomic}
     bool UseLargePagesIndividualAllocation        = false                                  {pd product} {ergonomic}

Logging:
Log output configuration:
 #0: stdout all=warning uptime,level,tags
 #1: stderr all=off uptime,level,tags

Environment Variables:
JAVA_HOME=C:\Program Files\Java\jdk-17
PATH=C:\Program Files\Common Files\Oracle\Java\javapath;C:\Program Files (x86)\Common Files\Oracle\Java\javapath;C:\Windows\system32;C:\Windows;C:\Windows\System32\Wbem;C:\Windows\System32\WindowsPowerShell\v1.0\;C:\Windows\System32\OpenSSH\;C:\Program Files (x86)\NVIDIA Corporation\PhysX\Common;C:\Program Files\NVIDIA Corporation\NVIDIA NvDLISR;C:\WINDOWS\system32;C:\WINDOWS;C:\WINDOWS\System32\Wbem;C:\WINDOWS\System32\WindowsPowerShell\v1.0\;C:\WINDOWS\System32\OpenSSH\;C:\Program Files\dotnet\;C:\Program Files\Git\cmd;C:\MinGW\bin;C:\Users\littl\AppData\Local\Programs\Python\Python311\Scripts\;C:\Users\littl\AppData\Local\Programs\Python\Python311\;C:\Users\littl\AppData\Local\Programs\Python\Python35\Scripts\;C:\Users\littl\AppData\Local\Programs\Python\Python35\;C:\Users\littl\AppData\Local\Microsoft\WindowsApps;C:\Users\littl\xmake;C:\Users\littl\AppData\Local\GitHubDesktop\bin;C:\Users\littl\OneDrive\Desktop\Programming\NASM\Nasm Install;C:\Program Files\Java\jdk-17.0.3\bin;C:\Users\littl\OneDrive\Desktop\Programming\Brackets\Install\
USERNAME=littl
OS=Windows_NT
PROCESSOR_IDENTIFIER=AMD64 Family 25 Model 80 Stepping 0, AuthenticAMD



---------------  S Y S T E M  ---------------

OS:
 Windows 11 , 64 bit Build 22621 (10.0.22621.2070)
OS uptime: 0 days 23:14 hours
Hyper-V role detected

CPU: total 16 (initial active 16) (16 cores per cpu, 2 threads per core) family 25 model 80 stepping 0 microcode 0x0, cx8, cmov, fxsr, ht, mmx, 3dnowpref, sse, sse2, sse3, ssse3, sse4a, sse4.1, sse4.2, popcnt, lzcnt, tsc, tscinvbit, avx, avx2, aes, erms, clmul, bmi1, bmi2, adx, sha, fma, vzeroupper, clflush, clflushopt, hv

Memory: 4k page, system-wide physical 5996M (776M free)
TotalPageFile size 16754M (AvailPageFile size 2883M)
current process WorkingSet (physical memory assigned to process): 248M, peak: 275M
current process commit charge ("private bytes"): 464M, peak: 495M

vm_info: Java HotSpot(TM) 64-Bit Server VM (17.0.6+9-LTS-190) for windows-amd64 JRE (17.0.6+9-LTS-190), built on Dec  6 2022 15:53:54 by "mach5one" with MS VC++ 17.1 (VS2022)

END.
